   timestep             momentumAngleForceHarmonic3.potBondForceHarmonic2.potDihedralForceAmberCosine4.potLJCoulombPair5.potLJEwaldForce0.pot               Lx               Ly               Lz   PPPMForce1.pot           Volume      temperature  total_potential   total_pressure
          0      0.0001357053261      16691.74414      29975.61914      3379.356445       14264.9707     -311386.9688      6.046889782      6.046889782      6.046889782     -36007.77344       221.103775      2.469815254     -283086.1875     -30.66543007
       1000      3.888564137e-08      17361.58008      31001.92773      3374.621338      14500.81836     -309306.9375      6.042819977      6.042819977      6.045548916     -36117.17969      220.7572937      2.469928265     -279184.9375      -25.2137413
       2000      3.732323961e-08      17384.65039      30694.27148      3350.921387      14532.55957     -310448.0938      6.035823822      6.035823822      6.032241821     -36101.90625      219.7616119      2.490286589       -280591.25      16.09161949
       3000      3.487448907e-08      17262.23633      30615.94727      3334.730713      14344.89844     -309657.2188      6.050527573      6.050527573       6.05670166     -36027.57031      221.7290802      2.482604504      -280123.625     -34.74001312
       4000      4.024778377e-08      17342.20703      30718.55664      3264.324463      14430.72266     -310492.3125       6.03066206       6.03066206      6.056645393     -36075.30469      220.2734375      2.483264208     -280813.4375     -12.22908306
       5000      2.089794648e-08      16969.80859      30540.94922      3379.722656      14277.82422     -309688.5312      6.006565094      6.006565094      6.062913418     -35997.03125      218.7427826       2.48349452     -280520.1875      5.418464661
       6000      1.272560546e-08      17255.28711      30747.03125      3275.290039      14290.16406     -308713.4062      6.018661499      6.018661499      6.109646797     -35977.96094      221.3175812      2.489688873      -279119.875     -23.62851715
       7000      2.503669805e-08      17236.17773            30390      3369.038574      14373.37793      -309172.375       6.00688982       6.00688982      6.124990463     -36085.30078      221.0063477       2.48687315     -279881.3125     -16.66922188
       8000      4.250192021e-08      17493.22656       29952.7168      3309.224854      14273.94434     -309207.2812      5.998544216      5.998544216      6.134544373     -36005.03516      220.7364349      2.460578442     -280184.3125      30.48982239
       9000      3.050326924e-08      17247.30273      30256.92969      3336.234375      14241.78711     -308464.9375      5.999633789      5.999633789      6.155897617     -36008.71094      221.5852661      2.472320318       -279393.75    -0.6662926078
      10000      3.485079958e-08      17295.80469      30119.81055      3359.801025      14451.21094      -307693.375      5.988156319      5.988156319      6.158005238     -36012.09766       220.813858      2.489260197     -278478.4375      7.640290737
      11000       2.28638033e-08      16904.36914       29922.5625      3343.145996      14335.02246     -308340.1875      5.977232933      5.977232933      6.163135529     -35980.46875       220.192276      2.475533247      -279818.625      34.17663193
      12000      2.955225931e-08      17040.75781      29492.10938      3361.266846      14483.71191     -308666.5312      5.972520351      5.972520351      6.166352272      -36051.1875      219.9599304      2.448865652     -280335.5625      31.69815826
      13000      2.454706127e-08      16997.99023      30269.92188      3354.297363       14308.1582          -308884      5.980499268      5.980499268      6.176819801     -35970.57422      220.9224396       2.49663353     -279923.1875     -4.247443199
      14000      2.689025536e-08      16754.39648      30366.38867      3385.154053      14398.51562     -307733.4375      5.990956783      5.990956783      6.178809166       -35980.625      221.7671204      2.497032642     -278803.3125      -12.6661768
      15000      3.145467886e-08      17419.71484      30328.84961      3299.459961      14292.33789        -310117.5      5.974183083      5.974183083      6.164999008     -36023.01953      220.0341492      2.482642889     -280797.9375     -18.27816391
      16000      5.343917664e-08      17323.12695      30502.62109      3345.988525      14519.04688     -309701.5625      5.979142189      5.979142189      6.184306622     -36042.16406      221.0898285      2.472789288     -280054.5625     -44.63718796
      17000      3.183604846e-08      17707.40234      30215.99219       3329.40918      14272.55273       -309132.25      5.985937119      5.985937119      6.194301128     -36010.44922      221.9507599      2.480247736      -279613.625     -36.75289154
      18000      3.694240291e-08      17216.28516      30460.96875      3397.689941      14407.21973      -308061.625      5.967431068      5.967431068      6.204897881     -36019.37109      220.9578552      2.476565361      -278593.625      -31.5054245
      19000      4.115184637e-08      17204.54297      29731.15625      3370.925049      14518.19824     -309607.0938      5.955635548      5.955635548      6.233605862     -36084.66797      221.1034698      2.476098776      -280862.625      9.897409439
      20000      3.999930698e-08      17425.80859      29484.16797      3267.973145      14571.12891     -308578.7812      5.955620289      5.955620289       6.23500061     -36062.57031      221.1518097      2.465442419        -279892.5      19.33962059
      21000      2.238064134e-08      17117.61523      30075.31055       3315.19043      14550.40527     -308587.9062      5.957755566      5.957755566      6.216689587     -35965.83594      220.6604614      2.473181009      -279496.875      16.26480865
      22000      2.699245805e-08       17659.8125        30439.625      3295.328857      14485.93066     -308353.7188      5.972513199      5.972513199      6.212965965     -36095.80469      221.6221771      2.487483978      -278567.625      5.538793564
      23000       3.87137149e-08      17721.38867       30155.7168      3334.089844      14258.79395          -308477      5.956765652      5.956765652      6.201079369     -36055.67578      220.0332642      2.453324795      -279063.875      -26.4631691
      24000      4.247004526e-08      17016.80273      30083.14062      3380.658936      14373.08203       -309118.25      5.955543518      5.955543518      6.213207722     -36073.44922      220.3731537      2.475769997     -280342.5625      -38.5622406
      25000       3.37475754e-08      16965.57812      29347.54883      3303.419189       14379.5625      -308360.125      5.947401524      5.947401524      6.210556507     -36032.88672      219.6772308      2.493535757       -280394.75      26.61656952
      26000      2.603008831e-08      17037.83008      30183.41016       3392.77832      14382.09082     -307770.9062      5.944966316      5.944966316      6.215243816     -36014.09766      219.6630249      2.501975775     -278788.6875      10.10173035
      27000      2.727660409e-08      17196.77734      29683.53125      3351.831543       14302.1377      -307599.625      5.955923557      5.955923557      6.225485325     -36048.96484      220.8368073      2.494270086       -279112.75     -17.25880241
      28000      4.650310359e-08       17393.4082      29667.49805      3372.501221      14328.69238     -308928.4688      5.959013462      5.959013462      6.228752613     -36064.98438      221.1820221      2.453277111     -280228.5625      -35.3834877
      29000       4.35609131e-08      17259.71484      29930.72266       3405.55127       14524.2168      -307063.625      5.969707489      5.969707489      6.253857613       -35992.625      222.8712769      2.491871595       -277936.75      -31.1262722
      30000      3.212559463e-08      16913.86328      30326.55859      3312.917725      14436.00391     -307951.8438       5.96296072       5.96296072      6.254060745     -35970.62891      222.3750153      2.497729063      -278933.625      -23.9866848
      31000       5.20807113e-08      17068.32031      30096.66992      3363.080322       14473.3877      -308226.625      5.945102692      5.945102692      6.257605076     -36045.91016      221.1703339      2.483729124     -279266.9375     -28.40161133
      32000      4.245777419e-08      16946.38867      30028.55469      3331.742432      14432.06152     -308998.7188      5.924720764      5.924720764      6.269022465     -36022.16016      220.0572205      2.478107929        -280283.5     -7.581408501
      33000      4.913953333e-08      17438.80273      29807.54492      3355.224121      14406.30273       -308464.25      5.931526661      5.931526661      6.295701981     -35998.17188      221.5017395      2.465636015      -279457.875     -9.989922523
      34000      3.148323557e-08      17510.79688      30220.11523      3430.258301      14351.46973     -307997.9375      5.922779083      5.922779083      6.295388222     -35999.93359      220.8378906       2.46687603     -278484.1875     -38.59767151
      35000      2.849010805e-08      17110.43164       30267.7207      3374.077637      14401.88379     -308569.2188      5.933638096      5.933638096       6.28062582     -36001.35547      221.1286621      2.480223417     -279416.6875      17.93801689
      36000      5.392979929e-08      17253.89844      29728.56836      3361.917969      14573.58887     -308163.9375      5.940124989      5.940124989      6.266739368     -36087.82422      221.1224213      2.481635332     -279332.6875      -19.0185585
      37000       3.08878505e-08      17293.62109      30235.50195      3396.299561       14358.5166     -308207.9688      5.935412884      5.935412884      6.258390427         -36014.5      220.4776306      2.488530636      -278939.625     -31.24351501
      38000       2.61131845e-08      17639.37109      29986.91016      3443.532715      14423.10059       -308048.75      5.946815491      5.946815491      6.266474247     -36094.82422      221.6114349      2.490512848      -278657.625     -2.836644411
      39000      3.702471574e-08      17198.80078      29723.28125      3344.267334      14458.16797      -307342.125      5.946489334      5.946489334        6.2553339      -36064.4375       221.193222      2.466868639      -278683.875     -7.049213409
      40000      3.936230542e-08      17193.82812      29470.49609      3308.543701      14337.97168     -307550.4062      5.950526714      5.950526714      6.254558563     -35926.76172       221.466217      2.455407619       -279174.25      11.41366959
      41000      3.907387836e-08       17132.2207      29246.64648      3379.674072      14304.11328      -308901.625      5.955574512      5.955574512      6.242982388     -35951.04688      221.4315186      2.484289646     -280795.4375      7.394798279
      42000      3.379687286e-08      16913.80469      30228.16211      3354.918213      14331.29102     -308309.0625      5.954084396      5.954084396      6.239688873     -35992.26172      221.2039795      2.490511417     -279473.8125     -40.28873062
      43000      3.479715716e-08      17092.16211      29796.79883      3364.457031      14345.88086     -308224.2812      5.937500954      5.937500954       6.25256443     -35965.60156      220.4273987       2.47064662     -279591.3125     -27.74434471
      44000      4.121575614e-08      16897.46094      29308.35938      3425.920654      14387.57715     -308176.3125      5.923589706      5.923589706       6.28178215     -35998.60938       220.420929      2.499585152     -280157.8125     -2.988777399
      45000      4.146434662e-08      17749.64062      30361.11914      3365.167969      14266.08887     -309555.7812      5.904881477      5.904881477      6.316466808     -36050.40625      220.2402039      2.482996941      -279862.375     -23.49588394
      46000      3.963126005e-08       17501.3457      29385.78906      3297.118896      14307.09668     -308066.7812      5.908398628      5.908398628      6.342843533     -35979.83203      221.4234467      2.487272739     -279565.0625      6.142924786
      47000      3.079665589e-08            17602      30078.47852      3390.912598      14259.60059     -308347.2188      5.894610882      5.894610882      6.323926449     -35970.35156      219.7339172      2.486804008     -278986.3125      6.758974075
      48000      3.417691374e-08       17029.6875      29994.86914      3334.835938      14520.84473     -308330.0625      5.904231548      5.904231548      6.314487457     -36023.71875      220.1227264       2.44863677     -279472.3125      15.75168896
      49000      3.715503993e-08      17274.91992      29630.68945      3385.736328       14422.3584     -307712.2188      5.922844887      5.922844887      6.306879997     -35982.98438      221.2459412      2.481999397        -278980.5      -20.9662571
      50000      4.334468784e-08       17546.9707      29427.81836      3352.302246      14468.91113     -307750.5625      5.931467056      5.931467056      6.284320354     -36050.59766      221.0968475      2.467235565      -279003.875      17.93619728
      51000      1.663628701e-08      17181.63281      29003.92773      3364.134521      14467.27246     -307929.0938      5.946759701      5.946759701      6.252224922     -35957.11719      221.1033936      2.468326807      -279868.125      60.24133301
      52000      4.124172648e-08      17121.78711      29198.78711      3346.976807      14401.30957       -307244.25      5.951022625      5.951022625      6.241046429     -35975.36719      221.0245972      2.494589806       -279153.25      29.46951675
      53000      2.775814245e-08      17391.69141      29357.87109      3378.438721      14276.67383     -307554.9688      5.955523014      5.955523014      6.236957073     -35992.63672       221.213974      2.520919323     -279145.4375      11.07742119
      54000         4.240745e-08      17092.01953      29409.33594      3346.710693       14263.4873     -307480.9375      5.954206467      5.954206467      6.207881927     -36012.30859      220.0854034      2.478453636     -279378.8125      10.79476166
      55000      5.337178521e-08      17686.68945      30085.85352      3370.593262      14369.38574     -307354.4375      5.960613251      5.960613251      6.227300167     -36102.45312      221.2491913      2.477751255      -277940.625     -35.51292801
      56000      3.210191579e-08      17106.66992      29268.55664      3390.182373      14515.60156     -308464.5625      5.959261417      5.959261417      6.234978676     -36088.84375      221.4215393       2.49089098          -280269       17.0114212
      57000      3.664048265e-08      17429.92383      29787.05078      3312.936523      14501.09473      -308242.625      5.956254482      5.956254482      6.232474327     -36058.53906      221.1092834      2.485073328     -279268.1875     -18.47304916
      58000      3.157298423e-08      17727.30664      29466.16211       3307.33252      14314.19922     -307321.6562      5.967044353      5.967044353      6.230928421     -36025.39844      221.8560486      2.479404688      -278530.875     -25.05504417
      59000      4.704466505e-08      17230.83203      29574.53906      3354.315918      14320.50488     -307622.2188       5.97247839       5.97247839      6.223509789         -36017.5       221.995697      2.459974527     -279157.8125     -9.852052689
      60000      4.637293927e-08      16860.05078      29381.69336      3388.787598      14620.49609     -308125.4062      5.973072529      5.973072529      6.190930367     -36046.32812      220.8775177      2.468048334       -279919.25      4.107604027
      61000      4.393324815e-08      17475.82617      29267.23438      3428.519043      14401.95605     -306942.1875      5.972066402      5.972066402      6.169534683     -36068.23438      220.0400085      2.466229916        -278435.5      31.53139114
      62000      4.936505604e-08        17225.625      29392.96875      3319.027344      14550.45312     -306859.1875      6.001164436      6.001164436      6.171024799     -36020.11328      222.2431183      2.489405632      -278392.125      33.94088745
      63000      3.974214735e-08      17381.23047      29612.70898      3351.489502       14496.3252     -308746.0938      5.998821259      5.998821259      6.169667244     -36073.47266       222.020752      2.484895229      -279975.875     -5.254207134
      64000      3.123262715e-08      16887.07031      29326.93945      3391.797119      14331.74023      -306978.875      5.996837139      5.996837139      6.157600403     -35998.67188      221.4399719      2.461761475      -279040.625      33.90723801
      65000      4.241042362e-08      17258.67383      29290.01953      3347.128906      14383.31738     -307464.3125      6.010085106      6.010085106      6.152237415       -36060.625      222.2257385      2.483056784     -279245.9375       31.5368042
      66000      3.260179682e-08      17443.04102      29460.76562      3413.925537      14402.49121          -307496      6.015721798      6.015721798      6.146772385     -36003.01562      222.4449768      2.498081446          -278784      -4.25614357
      67000      3.958211536e-08      17604.23438      29092.05859       3338.13501      14442.88379     -307736.0312      5.991311073      5.991311073      6.129175186     -36015.35938      220.0117035      2.480662346     -279273.9375     -12.26728058
      68000      2.646278752e-08      17555.33789      29562.96875      3416.104004      14502.31152     -309363.2812      5.994635105      5.994635105      6.145383835     -36017.61719      220.8383636      2.485476255     -280345.8125     -10.32675171
      69000      4.478257409e-08      16944.72461      29756.95312      3353.705811      14391.09766     -308489.2188      5.996393681      5.996393681      6.154549122     -36035.99219      221.2975006      2.476704836      -280080.375     -21.27292061
      70000       5.14761247e-08      17400.82617      30047.05664      3347.663086      14420.30566     -308331.5312      6.001424313      6.001424313      6.160235405     -36053.35156      221.8737793      2.495542049     -279168.8125     -18.06171989
      71000      4.842336665e-08      17245.24414      29649.95508      3332.427246      14454.49414     -308534.6875      5.983623505      5.983623505      6.150901318     -36034.09766      220.2253265      2.489187002      -279886.375      36.53053665
      72000      3.087499678e-08      17148.15234      29418.75781      3378.630371      14334.67969        -306915.5      5.995957375      5.995957375      6.181490421     -36012.25781      222.2338715      2.499431372     -278642.6875     -13.97305107
      73000       3.99063822e-08      17434.52734      30047.15234      3456.384521      14374.83594          -309105      5.976979733      5.976979733      6.190487385     -36040.33984      221.1507416      2.461462975      -279835.125      -36.5268898
      74000      3.503342683e-08      17076.59375       29907.1875      3352.869385      14459.61914     -308176.4062      5.978440762      5.978440762      6.202777863     -36051.82812      221.6981506      2.476968288     -279426.3125      -66.1690979
      75000      3.469763854e-08      17417.35352      29899.82031      3296.435059      14397.99023      -307090.125      5.986165047      5.986165047      6.179913521     -36047.63281      221.4520721      2.497111559          -278122     -13.76338291
      76000      4.268989429e-08      17276.57617      29913.72461      3387.476074       14433.5918     -307386.2188       5.99634552       5.99634552      6.147083759     -36054.77734      221.0255432       2.49990654     -278430.4375      42.66549683
      77000      2.669875165e-08      17102.75586       29196.9375      3408.639404      14372.50098      -306944.125      6.010521412      6.010521412      6.155663013     -36023.19141      222.3817596      2.467025995      -278893.625      14.49218178
      78000       9.95175764e-09      17239.34375      28941.91016      3369.739502      14263.39746     -307826.7188      6.006168365      6.006168365      6.135186672     -36031.75391      221.3210907      2.480368376     -280047.4375      21.93405342
      79000      2.907653318e-08      17622.04492      29500.76367      3403.487549      14435.44141     -307032.9688      6.022243023      6.022243023      6.107504368       -35986.125      221.5033722         2.513834        -278061.5      10.00007725
      80000       3.85207386e-08      17167.76367       29988.7832      3347.542236      14314.53613     -306483.5312      6.032981396      6.032981396      6.100646973     -36020.24609      222.0444336      2.478220224      -277684.125     -8.493320465
      81000      3.845689633e-08      17118.49023      29492.33203      3393.045654      14510.09473       -307387.25      6.035271645      6.035271645      6.102581024     -36077.51172      222.2834778      2.459405899      -278947.875     -34.80136871
      82000       3.92227868e-08      17183.14648      29375.49023      3310.392822      14424.36523     -306779.8438      6.020580292      6.020580292      6.110545635     -35996.99609      221.4913177      2.443459988          -278487     -13.65567493
      83000      2.150354206e-08      17097.07812      30261.77148      3347.999756      14419.03809     -307319.7188       6.01068306       6.01068306      6.098157883     -36070.28516      220.3161469      2.457115173     -278258.3125      20.93034554
      84000      4.558490829e-08      16951.39453      29957.67969      3345.591309      14379.86719        -307333.5       6.02895689       6.02895689      6.071981907     -36006.39453      220.7063446      2.489919186      -278707.375     -44.67412567
      85000      5.696336913e-08      16818.00977      29310.54883      3318.838623      14608.43066     -307081.3438      6.049202442      6.049202442       6.03267765     -35986.36328      220.7528687      2.481344938     -279008.1875      13.30211735
      86000      3.477504862e-08      17060.95898      29037.67773      3384.349609      14506.75879     -306935.4688      6.074322224      6.074322224      6.020247459     -35957.85547      222.1314392       2.48480463        -278908.5      1.753765345
      87000      4.284135713e-08      17335.15234      29543.42969      3340.411865      14556.31445     -307228.8438      6.065409184      6.065409184       6.00946188       -36052.875      221.0832214      2.463309526     -278502.6875       10.4715414
      88000      3.122627845e-08      17360.50781      29451.55664      3386.616699      14392.99609     -308336.6875      6.054424286      6.054424286      5.999864578     -36034.57031      219.9313507      2.495489836     -279785.8125      -17.1703434
      89000      4.440549262e-08      17274.20117      29698.47656      3346.618164      14454.49219     -307703.8438      6.057364941      6.057364941      6.020184517      -36015.9375       220.890625      2.460800648     -278942.1875     -2.123169661
      90000      3.692622741e-08      17340.81445      30232.86914      3357.755127      14453.01855     -307851.6875      6.058146954      6.058146954      6.030601978     -36012.59375      221.3300018      2.484679937      -278481.125     -25.21319771
      91000      1.927887538e-08      17398.46289      29982.24805      3385.707764      14483.47559     -307822.9062      6.060884953      6.060884953      6.025434017       -35991.375      221.3402557      2.473623514     -278562.3125     -17.81954956
      92000      3.870956178e-08      17095.16016      29589.36328      3433.032227      14477.81543     -306891.3438      6.063651562      6.063651562      6.008378506     -36072.03516      220.9152985      2.483994246       -278367.25     -36.18568802
      93000      2.909036034e-08      17113.95508         29272.75      3338.281494      14320.56152     -308382.9688      6.067015648      6.067015648       6.00707531     -35958.60938      221.1125031      2.496415377     -280297.3125     -8.513446808
      94000      5.160499583e-08      17376.70898      29349.21484      3440.215576      14297.99219     -307597.6562      6.069132328      6.069132328      5.996096134     -35993.67969      220.8623962      2.484206676       -279127.25      10.08847237
      95000      2.278617295e-08      17259.63672      29538.02148      3353.417725      14347.43652     -307348.9062      6.071203232      6.071203232      5.989447117     -35950.23438      220.7680817      2.491364241     -278804.8125      17.67267418
      96000      2.732354076e-08      17228.44922      29249.92383      3407.223145      14227.44043       -307377.75      6.074344158      6.074344158      6.010325909     -35974.75781      221.7669373       2.48580718      -279241.625     -17.71056366
      97000      3.520734282e-08      17060.26953      28807.16992      3354.303955      14433.55078        -308068.5      6.056014538      6.056014538      6.007968903     -36043.77734      220.3441315      2.456959009     -280456.9375      4.727778435
      98000      5.253576063e-08      17569.79492        29405.875      3468.393799      14268.94531     -307416.9375       6.05066824       6.05066824      6.020385265     -36014.73828      220.4098206      2.474000454     -278719.9375      4.094007492
      99000      4.380987306e-08      17555.36328      29992.63672      3350.674561      14458.73145     -307855.5312      6.066550732      6.066550732      6.037156582     -36017.22656      222.1857147      2.462184429          -278519     -76.44639587
     100000      3.588942832e-08      16765.11328       28923.4043      3400.566895       14329.4873     -307915.7812      6.059794426      6.059794426      6.032131672     -36008.80469      221.5065613      2.455742359          -280510     -18.11335373
     101000      3.516649372e-08      17342.15234      29198.10156      3403.664062      14572.96484     -306956.0312      6.048437119      6.048437119      6.045838356     -36026.76953      221.1784821      2.507441521      -278467.125      11.41592503
     102000      3.642488977e-08      17354.68164      29640.22461         3427.375      14513.59766      -307375.375      6.044938564      6.044938564      6.067063332     -36047.94922      221.6982727      2.490562677      -278486.125      10.11881638
     103000      3.581209995e-08       17012.3418      29567.80469      3383.956543       14409.9375      -307224.625      6.040851116      6.040851116      6.075565815     -35957.19531      221.7088318      2.473336458     -278812.1875     -21.54744148
     104000      2.433680635e-08      17017.83398      29716.99023      3331.101074      14561.14844     -308421.2812      6.032347679      6.032347679       6.07044363     -36076.75781      220.8986969      2.490234137     -279872.9375      6.053715229
     105000      1.773931402e-08      17093.10938      29487.32422      3361.918457      14601.12891     -306409.9375      6.050234318      6.050234318      6.067379475     -36066.11328       222.098465       2.47965312     -277929.0625     -10.74022102
     106000      4.362881612e-08      17459.55859      29828.61719      3425.056152      14584.39648     -307685.9062      6.061919689      6.061919689      6.045751572     -36061.94531      222.1624603      2.452287674       -278450.25     -50.82014465
     107000       2.85088646e-08      17287.83594      29259.69336      3366.097412      14414.99414     -307638.9688      6.057246208      6.057246208      6.021412373     -36038.30078      220.9270172      2.479599476        -279343.5     -7.116285801
     108000      4.341430326e-08      17573.47266      29147.34961      3400.037109      14576.46973     -305905.3125      6.075920582      6.075920582      6.015153408     -36033.39453      222.0602722      2.468993902     -277240.3125       44.8955574
     109000      4.474806303e-08      16988.79492      29373.14844      3413.412109      14288.05957      -307435.625      6.075343132      6.075343132      5.999945641     -35954.63672      221.4567566      2.468062162       -279329.75     -5.944074631
     110000      3.981723751e-08      17375.93164      29359.83594      3396.467041      14377.69824      -307343.375      6.084175587      6.084175587      6.009138584     -35995.71875      222.4414368       2.45712924          -278828      7.756430626
     111000      2.152033751e-08      17249.32227       29503.9668      3368.703857      14383.89453     -307080.7188      6.084498882      6.084498882      5.990797997     -36084.66797       221.786087      2.491494894     -278662.8125     -1.134997129
     112000      3.440099405e-08      16895.93945      29600.07812      3395.239258       14493.1709     -307530.7188      6.077658176      6.077658176      5.979123592     -36006.30078      220.8564301      2.487422228       -279154.25     -7.265625477
     113000       4.40832828e-08      17131.45312      29827.98828       3421.65918      14357.27832     -306740.4062      6.078979015      6.078979015      6.014372349     -35992.67578      222.2550354      2.478469372       -277992.75     -19.24093437
     114000      3.856473896e-08      17352.13477      29626.99414      3327.008301      14371.05371     -307246.6562       6.07269001       6.07269001       6.01081562     -36056.16406      221.6642303       2.48480463        -278624.5       15.8075695
     115000      3.892135325e-08      17181.43945      29177.31445      3380.675049      14367.78027     -306524.2188      6.074550152      6.074550152      6.001337051     -35945.11328      221.4502869      2.480962515     -278360.9375      24.77421761
     116000      3.322834274e-08      17255.46875      29050.58008      3358.268799      14461.21875     -306817.7812      6.071789265      6.071789265      5.993400097     -36010.14453      220.9564514      2.457360744          -278701      32.75562286
     117000      3.522628234e-08        16910.375      28411.22852      3352.255371      14401.06738     -307241.9688      6.079273224      6.079273224      6.006228924     -36017.20312      221.9755707      2.473048925      -280182.625      37.89931488
     118000      2.679584732e-08      17306.68555      29190.96484      3456.827881       14434.7041     -306329.4375      6.077297211      6.077297211      6.008079529     -35968.71484      221.8996429       2.46267581       -277900.75     -4.998916626
     119000      2.790430464e-08      17060.55078      29380.66602      3406.122803      14415.70898     -306365.6562      6.051539898      6.051539898      6.009988308     -36055.64844      220.0925903      2.478007078       -278154.75      18.21875381
     120000      5.042047135e-08      17384.73828      29563.74805      3400.370117      14496.82227     -307853.4375       6.04122591       6.04122591      6.035748959     -36078.01172      220.2831726      2.465705633     -279088.5625      9.021430969
     121000      3.136156579e-08      17500.55078      29017.52148       3412.78833      14418.96387     -307025.4688      6.049223423      6.049223423      6.084415913     -36047.29688      222.6476746      2.485230923      -278723.125      20.84822273
     122000       3.42945583e-08      17370.78125      29312.29688      3273.087158      14438.74805     -307611.8438      6.032603741      6.032603741      6.096885204     -36013.11328       221.879715      2.475783587     -279233.3125    -0.5239149332
     123000      4.828932632e-08      17332.07031       29168.0625      3347.610352      14333.18945     -306079.9375      6.018158913      6.018158913      6.095538139     -35963.19531      220.7696381       2.47687912          -277862      24.82929611
     124000      3.911743107e-08      17202.20312      29071.52734      3395.456055      14440.07031          -308117      6.022724152      6.022724152      6.104314327     -36060.39844      221.4230499       2.47217989     -280074.1875      12.78620338
     125000      4.792541475e-08      16851.27539      28589.76172       3395.79248      14493.05371     -306863.3438      6.024582863      6.024582863      6.099402905     -36006.42969      221.3814697      2.482199669     -279540.0625      47.42925262
     126000      3.690238159e-08      17268.07422      29055.41211      3424.855469      14253.73242     -306711.2812      6.017917156      6.017917156      6.104602814     -35954.53125      221.0802002       2.47627306     -278660.5625     -12.25811958
     127000      3.867847909e-08      17500.89453      29686.66602      3300.404541      14370.11035     -306643.0312      6.010960102      6.010960102      6.125413418     -36010.35938      221.3212433      2.486813545        -277793.5     -30.48691559
     128000      3.557330075e-08      16877.61719      29106.31836      3381.174561       14365.3623     -307802.5312      6.012005806      6.012005806      6.120646477     -35993.10547      221.2259674      2.470371246      -280066.375      12.52595425
     129000      3.806649929e-08      17330.28906      29373.02148      3357.813232      14351.25586     -308093.0625      6.016400814      6.016400814       6.11909914     -35974.06641       221.493515       2.48435688     -279659.9375     -29.97752953
     130000      5.115289881e-08      17302.00391      29484.32422      3344.052246      14527.63086     -307553.7812      6.000273228      6.000273228      6.111274242     -36033.23047      220.0259247      2.466693401     -278930.0625     0.7563206553
     131000      3.318558583e-08      16992.02344      29338.93164       3311.39917      14383.62207     -307895.7812      6.004607677      6.004607677      6.130883217     -36019.87109      221.0509186      2.488997698      -279886.875     -16.29794502
     132000      3.395600245e-08      17190.42773       29499.3125      3300.109375      14342.06934     -307123.8125      6.002578259      6.002578259      6.140524387     -36039.42188      221.2489014      2.482779264     -278832.6875      5.917243481
     133000      4.940346443e-08       17108.4668       29365.0293      3418.581055      14626.44922     -307594.9688      6.005868912      6.005868912      6.142365456     -36103.73047      221.5579529      2.484287739       -279176.75      17.49991798
     134000       4.93106036e-08      16995.33398      29304.13281      3410.665039      14423.52148     -306551.6875      6.013838768      6.013838768      6.134958267     -35982.39844      221.8784637       2.47895503       -278400.75     -6.125995636
     135000      4.352461147e-08      17277.51562      29432.64648      3321.042236       14662.5459     -306758.6875      6.016458988      6.016458988       6.11925745     -36051.92969        221.50354      2.466016054          -278116      23.83883667
     136000      4.234448525e-08      16944.97266      29249.39258      3419.718262      14373.05859     -307816.9375      6.023406506      6.023406506      6.098902702     -36023.53516       221.276886      2.471075773     -279850.5625     -8.370716095
     137000       3.85635559e-08      17326.20117      29653.14453      3338.409668      14367.63086      -306425.875      6.026240826      6.026240826      6.086874008     -35974.14844      221.0483551      2.457273722          -277716      30.57352066
     138000      4.102830431e-08      17102.68555      29284.63867      3325.130615      14333.05762      -306056.375      6.033312798      6.033312798      6.073719978     -35951.32031      221.0886536      2.466488838       -277967.25      5.436715126
     139000      2.820715217e-08      16926.42188      29304.77734       3387.54126      14346.91895        -307169.5      6.043431282      6.043431282      6.049455166     -35987.65625      220.9446106      2.484954834      -279191.625     0.2187871635
     140000      2.907402497e-08      17491.66211      29857.61328      3368.698242      14438.94727     -308279.5625      6.037531853      6.037531853      6.039732456     -36012.41797      220.1590576      2.477350235      -279134.375      -1.36918056
     141000      2.850770286e-08      17238.73828      29434.50977      3399.730469      14467.59863       -306966.75       6.05273056       6.05273056      6.030741215     -35998.08984      220.9395142      2.504014015     -278427.0625     -11.25518417
     142000      3.280366911e-08      16931.13867      29445.80469      3398.541748      14384.66895          -306732      6.057962418      6.057962418      6.042645454     -36040.57422      221.7584991        2.4937253        -278622.5      3.433228731
     143000      2.505568375e-08      16700.08008      29253.92773      3379.806396      14501.01855      -307342.375       6.06201458       6.06201458       6.04078722     -35972.62891       221.986969      2.463466644     -279484.5625     -1.088306427
     144000      3.039155416e-08      17238.76562      29704.33984      3407.776611      14304.70996     -307825.8438       6.07566309       6.07566309      6.031057358     -35931.45312      222.6285248      2.493334293       -279102.75    -0.8656867743
     145000      3.242135804e-08      16586.46289      29390.75977      3351.245117      14436.67676       -305634.25      6.073297024      6.073297024      6.013803959     -35960.40234      221.8187866      2.497965336     -277835.8125      4.826134682
     146000      3.691239669e-08      16813.38281      29596.85547      3331.111328      14364.47949     -306590.0938      6.069603443      6.069603443      5.968776226     -35993.23438       219.890213      2.461317062      -278480.875      7.184284687
     147000      2.614370231e-08      17149.18945      29306.57812       3337.39502      14496.89453     -307316.8438      6.108575821      6.108575821      5.945682526     -35983.54297      221.8613434      2.460240126     -279005.9375     -3.963412762
     148000      5.182758045e-08      17382.99609      29497.55469       3247.21875      14424.37207     -306893.9688       6.12069416       6.12069416      5.910557747     -36016.58594      221.4266205      2.468819618     -278359.0625     -21.49147797
     149000        3.7956287e-08      17274.89258      29514.36328      3351.669189       14315.7002     -307225.1875      6.120096684      6.120096684       5.89996767     -35994.40625      220.9867249      2.480341673     -278766.8125     -47.14845657
     150000      3.663111414e-08      17067.90039      28786.03906      3321.707275      14487.72852     -307243.8125      6.133136749      6.133136749      5.906517029     -36012.48828      222.1758118      2.468435287     -279593.3125     -1.008280873
     151000      2.666853405e-08      17597.13086      28924.20508      3356.904785      14422.16504     -307100.6562      6.143314362      6.143314362      5.896802902     -35946.16797      222.5471802      2.476193428        -278750.5      5.647292614
     152000      2.459671578e-08       17360.6543      28985.06445       3281.02124      14273.24414     -305971.8438       6.14060545       6.14060545      5.873785019     -35912.35547       221.483017      2.501708984          -277980      48.63319016
     153000      1.719218545e-08       17468.5625       29213.9668      3373.756104      14423.37891     -306891.9062      6.149952888      6.149952888      5.861555576     -36005.21875      221.6952972      2.478404522      -278421.125      37.21833038
     154000      4.771523621e-08      16667.89062      29244.75977       3354.94043      14525.11133      -307556.625      6.138398647      6.138398647      5.857728004     -35997.87891      220.7188416      2.457214594       -279760.25      14.08703327
     155000      1.819904583e-08      17114.93359      29128.30078       3343.76123      14363.29297          -306896      6.147519112      6.147519112      5.868403435     -35941.80078       221.778656      2.476821423      -278896.125      3.667102814
     156000      2.783404973e-08      17116.23438      29563.88281      3365.758057      14326.09668     -306569.8125       6.13698864       6.13698864      5.868145466     -35917.46484      221.0097809      2.490615606     -278114.1875      7.241672993
     157000      3.569119755e-08      17398.16211      29525.17969      3377.794434      14438.94141     -308506.9688      6.130781174      6.130781174      5.863996983     -36076.09766      220.4069977      2.482050419     -279844.1875     -27.44537163
     158000      3.700553108e-08      17190.91992      29871.31641      3340.563477      14324.25488     -308114.3125      6.135245323      6.135245323      5.891439438     -36056.79297      221.7610626      2.491385221     -279445.6875     -43.98947144
     159000      4.099226913e-08      17817.96875      29645.23242      3267.628906      14361.96191     -308330.0625      6.114063263      6.114063263      5.914274216     -36004.55078      221.0860443      2.479507685      -279238.125     -43.34751892
     160000      4.794458874e-08      17081.64844      29764.23438      3346.466797       14606.5459     -308354.4375      6.096422195      6.096422195       5.92594862     -36015.04297      220.2459564      2.470134497       -279572.25      21.36404228
     161000      2.143753619e-08      17251.65234      29725.16016      3380.581543      14507.68359     -307044.6875      6.114401817      6.114401817      5.922893524     -36037.96484      221.4327698      2.487619638      -278220.125     -18.81863403
     162000      2.218722805e-08       17361.8418      29380.93164      3414.139648       14426.7334     -307475.0938      6.118621349      6.118621349      5.918535233     -35932.38672      221.5753174      2.472760916       -278822.25     -15.02705669
     163000      3.980395746e-08      17616.69922      29167.57031      3324.131348      14350.31445     -307437.6875      6.110791683      6.110791683      5.916975498     -36057.58984      220.9503632      2.460242748     -279037.1875      24.77951622
     164000      3.748709432e-08      17512.60156      29306.81445      3409.799561      14237.65625     -308342.7812      6.110868454      6.110868454      5.908215523      -35957.0625      220.6287994      2.486877918      -279832.875      7.594787598
     165000       1.90576408e-08      17515.28516      29454.33398       3429.55127      14340.49707     -307823.7812       6.13015604       6.13015604       5.89578867     -35961.12109      221.5567322       2.49925518     -279048.9375      17.14473343
     166000      2.904355689e-08      17336.37695      28985.16992      3303.376221      14517.52344     -307653.0625      6.146241188      6.146241188      5.870372295     -35949.59766      221.7608185       2.45811224     -279462.0625      17.86458015
     167000      4.674295084e-08      17360.06055      29546.86523      3377.478271      14455.57031     -308641.3125      6.150846958      6.150846958      5.839722157     -36064.98828      220.9337463      2.467793465      -279968.875     -31.29020691
     168000      3.898838585e-08      17606.55859      29480.38867      3344.891357       14393.2998     -307808.1875      6.145674229      6.145674229      5.822842598     -36063.00781      219.9247437      2.486549854        -279047.5      13.36062527
     169000      5.570418082e-08      17193.02539      29746.71094      3380.850342      14342.18359      -308166.375      6.154622078      6.154622078      5.843548298     -35980.93359      221.3499451      2.473706961       -279484.25      14.87913609
     170000      4.308659385e-08      17527.27539       29304.0918      3311.741699      14416.24414      -307838.125      6.145089149      6.145089149      5.872872353     -35963.91016        221.77211      2.459746122      -279239.875      23.10383034
     171000      3.687276262e-08      17215.42773      29662.73438      3426.024658      14553.72168     -306818.8125      6.127193928      6.127193928      5.896134377     -36000.96875      221.3556671      2.484211445     -277965.0625      1.584712744
     172000      6.885462511e-08      17457.94727      30590.66016      3370.283936      14334.33691     -308101.7188       6.11484766       6.11484766      5.898735523     -36011.45703      220.5617523      2.485508442        -278364.5     -27.06218338
     173000      3.819657124e-08      17001.17383      29532.63477      3333.768555      14606.09961     -308502.0625      6.114867687      6.114867687      5.912451267     -36053.80078      221.0760498      2.482091904     -280079.8125     -14.23605156
     174000      2.478079963e-08      17506.40234      29645.25391      3342.621338      14408.10547     -308300.9062      6.115581036      6.115581036      5.931963921     -36027.64062      221.8574066      2.462266207     -279428.0625     -16.15964317
     175000      2.297235291e-08      17096.29492      29917.72656       3349.93042      14336.99414      -308596.375      6.100730419      6.100730419      5.935170174     -35907.49219      220.9005585      2.477940559     -279810.9375     0.8106553555
     176000      3.392164061e-08      17439.46289      29773.71094      3437.858887      14321.39648       -307668.25      6.101218224      6.101218224      5.940030575     -36051.42188      221.1168365      2.493840218        -278746.5      8.239033699
     177000      3.463621212e-08      16901.69141       30049.5625       3403.04248      14493.76562       -308593.25      6.101870537      6.101870537      5.935689926     -35989.12109      221.0024872      2.501833916     -279730.3125     -24.77013588
     178000      2.837050062e-08      17110.82812      30050.17773      3303.289795      14283.81836     -308127.7188      6.095496178      6.095496178      5.956996918     -35974.02734      221.3326721      2.460901976     -279356.9375     -28.78737068
     179000      3.883705091e-08      17536.64648      29716.25977      3320.602539      14386.83203     -307626.3438      6.088171959      6.088171959      5.961039543     -35996.80078      220.9509277      2.495863199          -278662      25.23128128
     180000       3.99724378e-08      17489.75586      29928.61133      3391.059082      14355.97266     -307697.9375       6.08483839       6.08483839      5.979801178     -35980.52344      221.4036713        2.4845469     -278510.3125     -11.81866264
     181000      2.524107678e-08      17281.54102      29330.47461      3383.408936      14322.41016        -308773.5      6.078104496      6.078104496        5.9965868     -35984.87109      221.5340424      2.479022503      -280436.375     -8.155314445
     182000      4.577577428e-08       17546.1582       29859.2793      3378.155029      14447.34082      -308710.625      6.068433285      6.068433285      6.020724297     -36072.53516      221.7184753      2.473879814     -279550.6875     -12.02547264
     183000      4.223423034e-08      17353.27344      30041.57227      3359.904541      14498.48047     -307204.7812      6.063292027      6.063292027      6.029724598     -35988.44531      221.6738434      2.501674891      -277934.875       11.2420063
     184000      5.262153735e-08      17743.82617      29763.43359      3391.889404      14496.63672     -309269.5625      6.058105946      6.058105946      6.051688671     -36004.53125      222.1009064      2.467291832      -279878.875     -22.90039825
     185000      5.031685646e-08      17509.42773      29762.79883      3417.247314      14329.93359     -308481.6562      6.042351723      6.042351723      6.049506187     -36103.39453      220.8675537      2.447246552     -279569.5625     -8.045899391
     186000      4.181321245e-08      17335.36328      29861.11719      3403.313477      14328.92578     -307779.2188      6.030740261      6.030740261      6.065169334     -35986.67188      220.5891571      2.462995529     -278834.5625     -2.425748348
     187000      5.370585754e-08      17112.08984      29458.74219       3376.13916      14555.61426       -308208.25      6.026728153      6.026728153      6.084122181     -36052.41797      220.9841614      2.487161875      -279755.875      23.32949638
     188000      3.267176041e-08      17055.16992      29293.58203      3324.588867      14383.80566     -306881.7812      6.020715237      6.020715237      6.102488995     -36033.74219       221.209198      2.497095346       -278849.25      32.99928665
     189000      2.192687099e-08      17187.14453      29381.02734      3335.284424      14282.00488     -308069.1562      6.007817268      6.007817268      6.106328011     -36025.20312       220.401001      2.468017101     -279910.9375      25.38623619
     190000      5.165811956e-08      17140.92188      29935.61133      3340.143066      14339.15039     -307957.9062      6.018239021      6.018239021      6.112818718     -35978.74609      221.4013977      2.483663082     -279176.6875      13.41481495
     191000      5.511492773e-08       17600.6543      29906.91992      3382.470215       14235.5293     -307976.7188      6.020606995      6.020606995      6.102446079     -35998.57422      221.1996765       2.48363781     -278849.8125     -3.892428398
     192000      2.534630461e-08      17252.71094      29274.61328       3395.63208       14500.0625      -307471.375      6.028835773      6.028835773      6.085951805     -36042.26562      221.2052307      2.480400562     -279092.5625    -0.4407671392
     193000      3.714291807e-08      16965.04688      29790.52734      3352.201904      14240.67676       -307522.75      6.031942368      6.031942368       6.07347393     -35941.98828      220.9792633      2.441129684      -279115.375     0.8170131445
     194000      3.475147636e-08      17007.81836      29871.50781      3406.484131      14414.60938     -307499.5625      6.039077759      6.039077759      6.058917522     -35971.41797      220.9714966      2.461794376     -278770.1875     -36.88214493
     195000      4.297982414e-08      17409.69141      29847.81445      3326.101562      14588.52539     -308137.1562      6.038575172      6.038575172      6.039331913     -36073.24219      220.2205505      2.501353741     -279038.0625     -8.818875313
     196000      3.873702425e-08      17134.26172      29714.66211      3346.693115      14384.69629     -307510.1875      6.041140556      6.041140556      6.047793865     -36012.81641      220.7165375      2.483870506     -278939.6875      -60.2355423
     197000      3.362860213e-08      16936.71875      29054.83594      3510.113281      14478.31836        -308527.5      6.029494286      6.029494286      6.048719406     -36025.38281      219.8999939      2.478509903       -280571.75    0.02765817009
     198000      1.582031395e-08      17289.73828      29394.76367      3403.982666      14190.45801       -307295.75      6.033290386      6.033290386       6.04583931     -36014.97656      220.0721283      2.465228319       -279030.75     -9.531054497
     199000      4.009211096e-08      17198.39453       28974.2207      3353.310303      14332.82324     -306787.1875      6.030918598      6.030918598      6.060919762     -35968.62109      220.4476471      2.517192602      -278894.875      13.83353519
     200000      3.867435794e-08         17491.75      29258.65234      3306.565674      14290.50977     -307579.7188      6.026747704      6.026747704      6.076545238     -36023.44922      220.7103882      2.489628792      -279253.625      10.74716854
