   timestep             momentumAngleForceHarmonic3.potBondForceHarmonic2.potDihedralForceAmberCosine4.potLJCoulombPair5.potLJEwaldForce0.pot               Lx               Ly               Lz   PPPMForce1.pot           Volume      temperature  total_potential   total_pressure
          0      2.667581066e-05      12567.36523            14673      5885.862793     -33641.34766     -102700.5391      4.889510155      4.889510155      4.889510155      15852.29297      116.8950348      2.455374479        -87358.25     -26.37427139
       1000      3.491220113e-08      12709.72461      14781.69922      5776.550293     -33147.01953     -102633.7656        4.8834548        4.8834548      4.886060238       15782.0957       116.523407      2.450427055     -86728.20312      17.24100494
       2000      2.968557666e-08      12548.14941      15460.37598      5808.721191     -33071.86328     -102412.6797      4.881358624      4.881358624      4.906887054      15728.33691      116.9196472      2.487743855     -85938.07812     -67.51961517
       3000      3.600850107e-08      12784.58301      14914.00977      5803.396973     -33380.32031     -102710.7266      4.883117676      4.883117676      4.926331997      15826.37305      117.4675903      2.483564377     -86761.34375     -6.936837196
       4000      3.482400857e-08       12612.5791      14914.47461      5860.981934       -33263.375     -102696.6875      4.873569965      4.873569965      4.915977001      15789.66699      116.7627335      2.447545767     -86781.04688      2.104912996
       5000      3.488887401e-08      12823.18164       14867.7666      5850.079102     -33349.24609     -102994.0156      4.877197742      4.877197742      4.911707878       15783.4502       116.835083      2.489121675      -87017.6875     -24.90650177
       6000      4.402278719e-08      12979.49707      15096.69434      5763.031738     -33330.16797     -101954.6328      4.896820068      4.896820068      4.884591579      15799.03906      117.1268768      2.478354931       -85645.125     -12.34160042
       7000      3.945178761e-08      12833.98828      14887.58496      5722.704102     -33066.44531     -102999.8438      4.911954403      4.911954403      4.851520538      15732.64062      117.0540771      2.474885225       -86888.125      7.676223278
       8000        2.6847502e-08       12446.0918      15040.04102      5776.542969     -33052.55078     -102300.1719       4.92557621       4.92557621      4.851850986      15778.62598      117.7122192      2.458856821     -86310.15625     -24.36997986
       9000      3.000193516e-08      12530.17383      15145.58984      5717.645996     -33225.42578     -102468.9219      4.925974846      4.925974846      4.850718498      15800.56543      117.7037888      2.499920368        -86499.25       -30.649786
      10000      4.510653184e-08       12788.0127      15205.18359       5874.55127     -33198.77344     -101988.2734      4.925756931      4.925756931      4.842475414      15797.83301      117.4933701      2.462728262     -85519.54688      -44.6516037
      11000      3.931735293e-08      12544.07324      14804.89062      5786.641113     -33509.30469     -102544.4844      4.908026218      4.908026218      4.847067833      15828.44629      116.7596741      2.472156763     -87087.21875      14.93279934
      12000      2.392648035e-08      12399.59473      15086.62598      5740.577148     -33639.60938     -101879.6172      4.906902313      4.906902313      4.874504566      15847.35742      117.3668137      2.464524031        -86443.25     -6.509605885
      13000      3.782349367e-08      12700.37598      14890.52637      5833.418457     -33574.80859     -101404.7969      4.908858299      4.908858299      4.877431393      15907.52148      117.5309219      2.469190359     -85647.21875      35.49386597
      14000      2.661048093e-08      12828.83496      15046.19922      5881.521484     -33888.59375     -101487.0469      4.892825127      4.892825127      4.875517845       15950.6748      116.7186203      2.465846777     -85666.59375      29.58402061
      15000      3.503146218e-08      12769.78906       15186.5459      5910.049805        -33259.75     -102143.0859      4.894961834      4.894961834      4.887079716       15757.7666      117.0976105      2.461910009     -85778.34375     -68.14726257
      16000      4.142087207e-08      12596.48535      15043.86328      5818.379883     -33499.67188     -102291.2734      4.888199806      4.888199806      4.889193058      15819.30859      116.8248062      2.446139336     -86511.57812      26.85142136
      17000      3.880223431e-08      12722.95605      14941.62988      5852.458008     -33438.57812     -102090.7891      4.909888744      4.909888744      4.911369801      15868.22559      118.3984299      2.440988541         -86142.5     -7.783273697
      18000      3.128180381e-08      12618.26172      14701.46484      5800.008789     -33134.41406          -101671      4.901402473      4.901402473      4.916796207      15759.69531      118.1198654      2.487219334     -85925.65625     -8.805822372
      19000      3.937714865e-08      12625.33496      15114.85547      5882.711914     -33376.30078     -101792.5078      4.885457039      4.885457039      4.916819572      15811.75391      117.3531342      2.488121271      -85732.0625     -13.48672199
      20000      4.151313959e-08      12939.20605      14601.50293      5757.822266      -33290.4375     -102334.3594      4.890419483      4.890419483      4.908539772      15781.68457       117.393631      2.484294653      -86544.0625     -16.78277969
      21000      4.136007448e-08      12682.99805      14645.37207      5819.688965     -33095.88281     -101612.9688      4.893899918      4.893899918      4.942334652      15775.21191      118.3701782      2.454506874      -85784.4375      30.08380508
      22000      4.721894342e-08      12674.95508      14610.47168        5872.5625     -33221.82422     -102152.1719       4.85499382       4.85499382      4.983746529      15797.39648      117.4717178      2.485075951     -86416.84375      29.00320625
      23000      3.040698715e-08      12990.82617      14992.98926      5819.228516     -33087.84375     -102191.1172      4.833488464      4.833488464      5.054617882      15791.68652      118.0890656      2.477564573     -85684.28125      13.60759544
      24000      4.548310173e-08      12907.69434      14918.36328      5803.033691     -33064.89844     -102144.4922      4.815470219      4.815470219      5.084228992      15750.15039      117.8969345      2.506322861      -85828.3125    -0.3579331338
      25000      4.485423588e-08      12696.76953      15072.97559      5829.314453     -33301.71094     -101838.0781      4.805373669      4.805373669      5.081705093      15795.05176        117.34478      2.491120577      -85744.4375     -14.51520252
      26000      3.505897439e-08      12625.82129      14937.25391      5781.632812     -33447.04297     -101626.4922      4.802905083      4.802905083      5.057783604      15785.46973      116.6724319       2.48295784     -85939.79688      43.64638901
      27000      4.069500292e-08      12410.95703      14613.03906      5800.053711     -33149.08594       -102172.25      4.824413776      4.824413776      5.040993214      15807.43945      117.3289642      2.474081993      -86687.8125      32.87879562
      28000      3.434605489e-08       12254.6875      14593.92871      5784.199707       -33094.625     -101502.3359      4.836730003      4.836730003      5.004772186      15754.60742      117.0814285      2.477423191     -86207.78125      28.35153008
      29000      4.420886057e-08      12599.23145      14907.19043      5816.021973     -33115.00391     -102167.9609      4.857669353      4.857669353      4.965018272      15733.04004      117.1593018      2.474419594       -86226.875     -17.61487198
      30000      5.026335259e-08      12382.28223      14692.19141      5836.583496     -33340.63281       -101538.75      4.885865688      4.885865688      4.961359024      15853.05566      118.4359894      2.457878351      -86113.8125     -13.44337749
      31000      3.130528015e-08      12696.34766      14771.69824      5787.441406     -33345.20312     -101660.5625      4.873602867      4.873602867      4.944602966      15818.69434      117.4442291      2.495480776      -85930.4375     -2.393955469
      32000      3.255461678e-08       12580.6875      14879.33008      5686.754395     -33498.59766     -101290.5859      4.872765541      4.872765541      4.935746193      15816.96289      117.1935806      2.481591702     -85824.15625     -22.46583366
      33000       4.41955379e-08      13064.29688      14925.88184      5819.345215     -33259.55469     -102716.6875      4.871940136      4.871940136      4.935770035      15802.24414      117.1544495      2.471471548       -86363.125    -0.2467529327
      34000      4.270204812e-08      12365.58691      14504.82715      5793.904785     -33372.82812     -101960.0859      4.879248142      4.879248142       4.95154047      15875.87207      117.8816299      2.479669809     -86790.96875      26.89582253
      35000      3.734723464e-08      12425.44336      14820.62402      5710.390137     -33328.04297     -101371.5312      4.878074646      4.878074646      4.978989124      15789.39258       118.478096      2.466094017     -85952.40625      12.49441528
      36000      4.919935037e-08      13069.75879       14750.2168      5847.141602     -33495.08984        -102154.5      4.849655628      4.849655628       4.97934866      15840.44727      117.1100922      2.478795767     -86140.40625      5.382688522
      37000      2.261606191e-08      12716.57031      14768.80664      5862.069336     -33497.96094      -101690.375      4.841746807      4.841746807      4.985032558      15861.97852      116.8616867      2.513810396      -85978.1875      35.24874878
      38000      2.547110434e-08      12578.99512      14771.02246      5831.921387     -33359.48438      -101386.625      4.840958595      4.840958595      5.029705524      15853.13672      117.8705444      2.513347864     -85708.60938      27.31817245
      39000      4.908359585e-08      12756.19727      14914.99707      5928.941895     -33296.29297     -102462.0859      4.816778183      4.816778183      5.040110588      15836.93359      116.9373779      2.471158981     -86319.71875     -32.89884949
      40000      3.433300577e-08      12665.49609      14605.41113      5913.991699     -33321.67188     -101922.1797      4.804781437      4.804781437      5.049479961      15774.08496      116.5719147      2.473796844     -86283.48438      31.56293297
      41000      3.280995031e-08      13037.87402      14585.77148      5890.543945     -33590.05078     -101622.4062      4.803011417      4.803011417       5.09959507      15857.22949      117.6421432      2.438775301       -85839.875      -21.5982399
      42000      4.042977508e-08      12743.53125      14635.03711       5828.97998     -33502.42188     -101392.5469      4.800344467      4.800344467       5.11404705      15864.52734      117.8445511      2.477351189      -85821.6875      7.581624508
      43000      2.314632397e-08      12719.60156      14674.35938      5833.183105     -33554.92969      -101945.125      4.813294888      4.813294888      5.084965706      15840.85254      117.8075104      2.482287407     -86430.15625     -1.368658781
      44000      2.228798834e-08      12890.70703      14703.61328      5806.269531     -33237.98438     -101997.0703      4.823384285      4.823384285      5.058897018      15749.49805      117.6954193      2.459906816     -86083.92188      32.39318085
      45000      3.066917742e-08      12707.35156      14652.69238      5796.686035     -33515.87891     -101908.6484       4.82915163       4.82915163       5.06138134      15887.83008      118.0349808      2.504122972           -86380      25.36785889
      46000      3.512268876e-08      12604.07129      15058.80371      5749.120605      -33490.0625          -101031      4.836596489      4.836596489      5.059749126      15915.49609      118.3610229      2.488408327      -85192.0625      59.74679184
      47000      3.577480001e-08      12282.71484      14881.31738       5897.65918       -33779.625     -101315.5391      4.823858738      4.823858738      5.052520275      15965.76172      117.5701904      2.470694542     -86067.35938     -10.69336319
      48000      3.271303228e-08      12585.91699      14913.39551      5835.131836     -33444.85547     -101943.7031      4.811865807      4.811865807      5.077730179      15849.12402      117.5700302      2.462313414     -86203.78125     -42.79196548
      49000      3.017935768e-08      12685.11816      14641.57715      5883.297363     -33305.62891     -101642.2578      4.798870087      4.798870087       5.10586977      15814.84863      117.5838623      2.485434532       -85922.375     -2.880839586
      50000      3.530854187e-08      12273.86621      14958.33594      5862.558594     -33449.66016     -101257.9375      4.795070648      4.795070648      5.091772556      15890.64648      117.0736084      2.494520664      -85718.9375     -17.35890388
      51000       2.32987567e-08      12429.70703      14861.69043      5878.949219     -33484.15234     -101790.3594      4.816546917      4.816546917      5.082424641      15856.86426      117.9077988      2.496599436     -86247.15625     -1.962487578
      52000      3.600403531e-08       12597.7002      14807.69727      5891.255371     -33498.22266     -101110.8516      4.812220573      4.812220573      5.071446419      15888.13574      117.4418488      2.487450838      -85423.3125     -29.25866127
      53000      4.424124711e-08      12855.61914      14625.74805      5854.176758     -33620.47656     -100767.0547      4.813830376      4.813830376      5.084094048      15916.76562      117.8135223      2.489548922       -85134.125     -6.425093651
      54000      4.916492458e-08      12576.96094      14856.93848       5773.71875     -33488.82812     -101501.0703      4.816792965      4.816792965       5.10821104      15847.34473      118.5181274      2.489698172     -85933.48438      55.75536728
      55000      4.248466468e-08      12480.56836      14618.30957      5778.300781     -33463.73438     -101728.7188      4.800417423      4.800417423       5.14649725       15850.8252      118.5959244      2.456021786     -86463.10938      3.078468084
      56000      5.429809136e-08      12610.50488      14989.38379      5798.516113     -33258.35156     -101839.3438      4.769081116      4.769081116      5.139373302        15809.875      116.8906021      2.476661205     -85887.71875    0.03124582954
      57000      2.833979451e-08      12625.43262      15002.94434      5751.004395     -33100.21875      -101926.125      4.762694359      4.762694359      5.146847725       15771.7002      116.7472763      2.532793283     -85873.48438      12.43240356
      58000      5.108082846e-08      12637.33398      14724.02051      5740.022949     -33426.73438     -101540.0547      4.759010792      4.759010792      5.176578522      15851.31445      117.2401047      2.508031607     -86012.59375        16.516119
      59000      4.275987564e-08      12845.80762      14300.52734      5734.874512     -33315.60938     -102343.8828       4.73773241       4.73773241      5.180146217      15798.66309      116.2741241      2.443630695         -86978.5      6.573131561
      60000      1.884958323e-08      12670.06738      14647.79395      5733.774902     -33104.45703     -102391.6484      4.732028961      4.732028961      5.200424671      15704.01562      116.4484177      2.451339483     -86739.78125      44.33047104
      61000      1.932347793e-08      12586.87109      14937.60938      5777.388184     -32971.66406     -102053.1719      4.737168312      4.737168312      5.219626427      15763.40137      117.1324005       2.48713398     -85959.39062      27.11713409
      62000      3.322141495e-08      12610.49902      14934.04883      5757.525391     -33081.66797     -101883.9062      4.749977589      4.749977589      5.225144386      15746.72559      117.8912048      2.504959822     -85914.40625     -23.58694458
      63000      3.818717076e-08      12618.74707      14832.29883      5727.793945     -33063.94141     -102485.1562      4.743262291      4.743262291      5.204838276      15758.91113      117.1012497      2.488946676     -86610.15625     -11.76814556
      64000      4.844983081e-08      12365.15332      15000.33984      5667.536133     -33310.80469     -102242.5078      4.759543419      4.759543419      5.194587708      15777.18848      117.6743088      2.473204613     -86741.09375     -35.04281235
      65000       4.18274837e-08      12385.75488      15048.94629      5771.874512     -33130.14062     -102129.9375        4.7539711        4.7539711      5.182117462      15731.70215      117.1171036      2.504208565     -86322.65625     -26.33106613
      66000      3.578678687e-08      12502.00684      14846.80664      5791.111816     -33276.53906     -102313.7578      4.739456654      4.739456654      5.181593418      15760.90918      116.3912811      2.485725164     -86688.03125      12.08709145
      67000       3.36651631e-08      12819.85059      15010.58984      5808.106934     -33266.60156     -101924.0781      4.748362541      4.748362541      5.205009937      15803.54785      117.3570862      2.489069223      -85747.8125      1.471470714
      68000      3.099160395e-08      12602.40332      14753.60547      5803.275391     -33077.69141     -102386.3125       4.76358366       4.76358366      5.203395844      15747.22656      118.0740433      2.468296051     -86555.29688      19.98213196
      69000      3.784559865e-08      12570.91992      14470.67383       5810.12207     -33318.08203     -102197.5625      4.746990204      4.746990204      5.187021255      15781.62988      116.8839035      2.460918427       -86880.875      54.92365646
      70000      3.036553409e-08      12564.21875      14805.11523      5821.645996     -33227.23828     -101281.7656      4.761523247      4.761523247      5.214383602      15812.37305      118.2210464      2.495818377     -85504.45312      58.60747147
      71000      4.411995391e-08      12889.18262      14716.61328      5808.028809     -33450.73438     -102075.1016      4.763110161      4.763110161      5.226931095      15819.44824      118.5845261      2.482724667           -86292      7.893812656
      72000      4.040477819e-08      12687.95215      14817.96875      5818.789551     -33288.01562     -102073.2969      4.757820606      4.757820606      5.176971912      15784.35352      117.1903687      2.464048147        -86250.75      10.88063431
      73000      2.301641366e-08      12366.74121      14862.39453      5756.828125     -33234.81641     -102100.0859      4.773723602      4.773723602       5.13239193      15802.31543      116.9591904      2.469943523       -86543.625       13.0337429
      74000      3.914376023e-08      12792.83984      14806.92773      5864.046875       -33338.125     -101507.9531      4.793786526      4.793786526      5.134932041      15837.64453      118.0027313      2.481185436     -85542.85938       16.6732254
      75000      2.186555825e-08      12449.24609      14843.08887      5713.236328        -33195.75     -101695.4062      4.772157669      4.772157669      5.139848709       15790.0625      117.0522842      2.496628523      -86094.0625      4.274615288
      76000      3.010762484e-08      12106.56348      14695.66699      5740.274902     -33250.35938     -101540.2266      4.773928642      4.773928642      5.159973145      15791.22852      117.5978165      2.478453875     -86456.90625     -33.89324188
      77000      3.696491291e-08      12548.42285      14725.21582      5827.270508     -33210.14844      -102216.625      4.766432285      4.766432285      5.149250984      15791.38672      116.9851913      2.467465162     -86534.45312     -1.449502349
      78000      2.114819964e-08       13136.4668       14715.8252      5825.144531     -33008.49219     -102476.4375      4.754322052      4.754322052      5.157238483      15702.86914      116.5720444      2.491455078     -86103.98438      5.747987747
      79000      4.751814231e-08      12531.35352      14671.66309      5835.944336         -33167.5     -101672.4141      4.762314796      4.762314796      5.202957153      15795.28809      118.0012054      2.489286423     -86003.92188      27.16304016
      80000      4.720651603e-08      12645.79492      14763.63965      5819.731445     -33127.89844     -102015.0938      4.731706142      4.731706142       5.21898365      15744.81934       116.848053      2.467701674     -86168.89062      28.76831627
      81000      4.144406418e-08      12809.71973      14792.66504        5747.8125     -33078.28516     -102050.7266      4.716351509      4.716351509      5.252215385      15732.49707      116.8301239      2.402516127      -86045.4375      9.001150131
      82000      2.846128666e-08      12850.19922       14617.2207      5833.438477       -33039.875     -102189.9219      4.720227718      4.720227718      5.275201797      15737.24609      117.5344009      2.452018738     -86190.60938     -51.99679565
      83000      2.351704786e-08      12997.19824      14725.73535       5826.79248     -33174.07422     -101830.6797      4.731244087      4.731244087      5.264248848      15818.62695      117.8384781       2.49194026     -85634.32812      16.53847885
      84000      6.114463247e-08      12673.05371      15227.19336      5744.589844     -33272.98047     -102372.3438      4.735613346      4.735613346      5.251390457      15803.51758      117.7678528      2.509386778     -86195.45312     -3.832619429
      85000      2.607897009e-08      12770.09375      15149.72266      5844.619141      -32993.6875        -102035.5      4.740641117      4.740641117      5.251535416      15735.99316      118.0213165      2.468886375     -85526.32812     -14.04450226
      86000      2.822241107e-08      12612.87402      14738.10742      5763.871582     -32951.70312     -103033.9375       4.72492218       4.72492218      5.228625298      15716.51855      116.7284851      2.455881596     -87154.85938      22.96528625
      87000      4.497355732e-08      12563.80078      14414.30273      5748.750977     -32943.08594     -102000.7031      4.739180088      4.739180088      5.220059395      15732.79688      117.2416306      2.466486216     -86482.96875       48.0358963
      88000       3.26840528e-08      12847.72168      14778.41992      5761.339844     -33233.00781     -102648.4219      4.737885475      4.737885475       5.20715189      15780.11035      116.8878479      2.477526426     -86711.70312     -13.11134243
      89000      2.063599069e-08      12770.16797      14856.01953      5840.586426     -33057.39453     -102270.3984      4.736252785      4.736252785      5.226221085      15726.21973      117.2350693      2.488425732      -86132.8125      0.087381199
      90000      4.538398457e-08      12698.56348       14827.8418      5876.470215     -33329.19141     -101939.0547       4.72203064       4.72203064      5.261265278      15797.57422       117.313446      2.493539095     -86066.84375      16.20138741
      91000      4.082917826e-08      12780.47656      14862.20996      5838.958008     -33159.88281     -102418.1484      4.701648235      4.701648235       5.30269146       15760.8916      117.2186203      2.478224277     -86333.59375     -15.31729889
      92000      2.968249468e-08      12431.71582      14583.87207      5861.760254     -33434.91016     -102009.6562      4.707486153      4.707486153      5.319653988      15843.82422      117.8857956      2.472720623     -86722.78125      6.316825867
      93000      3.481976663e-08      12505.16211      14586.84961      5784.428711     -33507.20703     -101817.0391      4.713688374      4.713688374      5.299541473      15859.37305      117.7497635      2.487329006     -86586.84375     -40.26409912
      94000      4.903691675e-08      12729.36621      14918.14648       5757.93457     -33464.83203     -102019.5781      4.699507236      4.699507236      5.283109665      15835.02148      116.6794281      2.501861572      -86243.1875      9.013194084
      95000      3.672635529e-08      12747.08301      14524.17969      5739.364258     -33346.63672     -101447.4844      4.690179825      4.690179825      5.314994335      15789.11719      116.9181137      2.473316431     -85991.21875      30.93016815
      96000      4.125766395e-08      12705.96289      14895.83496      5798.973633     -33400.14844     -101778.5391      4.688532352      4.688532352      5.352634907      15807.96289      117.6634216       2.47315073     -85968.96875      12.86886978
      97000      2.006907174e-08      12802.02148      14672.36816      5844.662598     -33313.76953     -102008.1562      4.679123402      4.679123402      5.384906769       15797.5498       117.898201      2.447091341      -86204.8125     -19.55624771
      98000      5.411705573e-08      13030.59863      14463.09766      5748.118164     -33350.24219     -101522.0703      4.669436455      4.669436455      5.402729034      15802.92676      117.7991409       2.47613883         -85827.5      8.138224602
      99000      2.425730905e-08      12453.38574      14532.59375      5847.833496     -33120.34375     -101522.8672      4.664588928      4.664588928      5.406402111      15752.16016      117.6346054      2.526104212           -86058      88.68486023
     100000      5.804594849e-08      12608.62305      15177.14258      5760.126953     -33225.07031     -102016.9375      4.659142494      4.659142494      5.401957512      15747.53613      117.2635803      2.478630066     -85947.15625     -25.42299461
     101000      3.531219406e-08      12505.08301      14819.95117      5798.709473      -32858.3125     -102363.8438      4.671791553      4.671791553      5.393455029       15651.4707      117.7155838      2.463684797     -86445.04688     -27.03905487
     102000      4.337784176e-08      12705.34082      14519.04492      5749.290039     -33158.35938     -102325.5234      4.670060635      4.670060635       5.38132143      15785.93457      117.3637466      2.453766584      -86723.1875      30.05354881
     103000      4.211918991e-08      12736.03418      14766.79492      5697.422363     -33278.71875     -101608.0859      4.664074421      4.664074421      5.385305882       15832.0918      117.1497345      2.475652933     -85853.15625      65.79987335
     104000       3.17705684e-08       12655.0459      14869.69922      5775.220215     -33245.57812     -101894.9922       4.66266489       4.66266489      5.384101391      15780.68652      117.0527573      2.457608461     -86058.48438       57.4708786
     105000      2.930068455e-08      12654.37793      14626.28027      5824.461426     -33209.46094     -101751.4922      4.669699669      4.669699669      5.405686855       15819.9668      117.8769226      2.494482756     -86034.39062     -26.05727005
     106000       3.30703358e-08      12754.82227      14827.41113      5850.379883     -33262.05078     -101311.6016      4.671411037      4.671411037      5.433360577      15840.74512      118.5672302      2.430847645     -85299.53125     -60.52307129
     107000      3.642912105e-08       12645.2998      14684.68359      5847.235352     -33646.28906     -101971.9062      4.644242287      4.644242287      5.414649487      15891.07715      116.7885056      2.455980539      -86548.9375     -15.02442169
     108000      3.893525857e-08       12940.2168      14906.11719      5855.671875     -33636.73438     -101831.6953      4.658782005      4.658782005      5.402409077       15885.3418      117.2552414      2.476243258     -85879.92188     -30.62149811
     109000      1.240565517e-08      12835.50293      14811.82422      5840.125488     -33771.70312     -101313.5625      4.673867226      4.673867226      5.403820992      15918.37305      118.0466614      2.522842646     -85678.96875     -12.55051899
     110000      3.400288762e-08      12936.50879      14676.84863      5807.395508     -33719.65625     -101956.8047      4.655584812      4.655584812      5.394295216      15900.72754      116.9184875      2.481503487     -86352.71875      30.96667099
     111000      2.344942018e-08      12774.75977      14815.38086      5841.293945     -33679.94531       -101774.75      4.656680584      4.656680584      5.406605244      15889.17188      117.2404709      2.481550217       -86133.875      36.08052444
     112000      3.773080337e-08      12171.28516      14835.39941      5787.950684     -33576.13672     -101452.7422      4.683493614      4.683493614      5.420340061      15899.50586      118.8957672      2.474418163     -86333.71875     -16.93634987
     113000      4.744736515e-08      12652.05957      14631.91895      5794.194824     -33687.77344     -101822.1094      4.680647373      4.680647373      5.394557953      15947.15723      118.1864624      2.485516071      -86483.4375      13.27935123
     114000      3.369578394e-08      12541.65039      14954.94141      5842.387207     -33158.72266     -102002.4453       4.66579771       4.66579771       5.37653017      15804.85449      117.0452805      2.492092609     -86016.04688      21.17476463
     115000      3.290656636e-08       12454.5332      14735.75293      5787.389648     -33212.44141       -102312.75      4.663869381      4.663869381      5.385659695       15805.3877      117.1471405      2.470936298     -86741.03125      12.28314781
     116000       3.58044403e-08      12414.58789      14660.32031      5811.378418       -33410.125     -102353.7344      4.665155888      4.665155888      5.384512901      15866.05078      117.1868134      2.462088585     -87011.59375     -10.80036354
     117000      2.376270203e-08      12492.20703      15014.86133      5855.365723     -33205.64844     -102265.6172      4.665755272      4.665755272      5.391991138      15773.95898      117.3797226      2.505336046     -86334.03125      -34.3794899
     118000      2.364176233e-08      12944.18457      14712.86816      5824.386719     -33306.39844     -101734.2812      4.660953045      4.660953045      5.403700352      15768.71289       117.392601      2.486815453         -85789.5     -13.85230637
     119000      4.653051278e-08      12392.23926       14939.6377      5918.255371     -33864.91797      -101814.625      4.673546314      4.673546314      5.404412746      15911.86816      118.0433731      2.489874601         -86516.5     -21.92383194
     120000      3.730475839e-08      12743.44531      14808.60547      5787.683594       -33405.375     -102367.6484      4.684331417      4.684331417      5.394685745      15872.75293      118.3753738       2.46370244     -86559.04688     -46.75155258
     121000       2.73135381e-08      12718.22949      14707.66504      5815.830566     -33558.84375     -102167.4844       4.67052412       4.67052412      5.379353523       15886.2998      117.3441162      2.470182419       -86596.625      20.21739769
     122000      2.497927554e-08      13262.83203       14610.8916      5788.256836     -33752.42578     -101788.8125      4.670055866      4.670055866      5.395348549      15908.61719      117.6694336      2.502855062      -85968.4375     -24.76835632
     123000      3.319239639e-08      12731.04688       14923.5957      5836.270996     -33342.45703     -102235.5156      4.659891605      4.659891605      5.405341625      15837.46191      117.3747787       2.52386117     -86249.09375      5.177974701
     124000      4.225640993e-08      12961.37891       15190.3916      5843.963379     -33454.53516     -102782.9766      4.655460358      4.655460358      5.412793159      15802.82031      117.3131485      2.488097668         -86436.5      -16.6251564
     125000      3.525753556e-08       12884.2627      14487.55371      5922.355957     -33405.90234     -101912.2969      4.657953262      4.657953262      5.423897743      15786.08008      117.6797562       2.45511055     -86236.78125      29.03276253
     126000      2.898655005e-08      12685.90039      14759.38867       5875.13623     -33109.19531     -102625.6328      4.650817871      4.650817871       5.39525938      15750.34863      116.7000351      2.476461411     -86662.60938      18.77806091
     127000      2.566864588e-08      12724.31738      15088.98242      5860.089844     -33492.86328     -102060.7344       4.67224741       4.67224741      5.385911465       15851.0752      117.5738831      2.508032322     -86028.34375     -12.33200645
     128000      3.587953401e-08      12856.56543      14512.50781      5857.379395     -33142.13672     -101893.5781      4.674076557      4.674076557       5.38761282      15789.86523      117.7031403      2.454407454     -86019.20312      20.56429863
     129000      2.734266147e-08       12834.8623      14663.99219      5796.654297     -33028.78125     -103252.2812       4.65050745       4.65050745      5.398604393      15749.13867      116.7568054      2.446233273        -87235.75      24.22494888
     130000       3.97443074e-08        12773.125       15011.9375       5854.90625       -33317.125     -101843.7734      4.640649319      4.640649319      5.429432392      15835.54785      116.9262238      2.472596645     -85684.64062     -14.89629555
     131000      3.265902038e-08      12611.25098      14960.49512      5791.280762     -33255.57031       -102116.25      4.631236076      4.631236076      5.447092533      15846.14746       116.831131      2.491620541     -86162.67188        11.306633
     132000      2.151350387e-08      12619.50684      14970.87109      5813.946777     -33464.16797     -101871.9531      4.637832165      4.637832165       5.45395422      15870.41992      117.3117599      2.482240677      -86058.8125     -20.01358032
     133000      3.019036399e-08      12477.91992      14796.89941      5808.638672     -33281.25391     -102036.0234      4.643206596      4.643206596      5.447581291      15835.90234      117.4464111       2.46779108      -86398.3125      22.71699333
     134000      2.583054659e-08      12422.21777      14887.13574      5794.052246     -33589.57812     -101593.3516      4.635969162      4.635969162      5.448082447        15859.875      117.0913315      2.474431038        -86219.75      36.28714371
     135000      4.073958237e-08      12571.89746      15226.09473      5853.571289      -33205.6875     -102160.4844       4.65972805       4.65972805      5.456243515      15762.78711      118.4717789      2.530742407     -85951.45312     -31.22513199
     136000      2.979121838e-08      12747.78711      14919.22949      5752.378906     -32919.29688     -102255.1172      4.676427841      4.676427841      5.425648212      15704.05566      118.6533737      2.497594118       -86049.375     -46.27859497
     137000      2.938139332e-08      12649.55664      14798.90137      5824.624023     -33157.57031     -102257.3125      4.670677662      4.670677662       5.41737318       15749.7041      118.1812363      2.476594687     -86393.10938      1.558665991
     138000      3.057481379e-08      12550.61914      14836.26172      5730.735352     -33222.59375     -102390.0156      4.662104607      4.662104607      5.414381504       15774.9502      117.6827698      2.481135845     -86718.89062     -29.80276108
     139000      3.788576919e-08      12374.24316      14524.19043       5840.70459     -33174.08203     -102182.3516      4.649757862      4.649757862      5.417172909      15797.39648      117.1206284      2.492845774     -86818.67188      116.1010818
     140000      4.385881169e-08      12632.18457      15177.23242      5872.865234     -32964.37109     -102521.3281      4.649064541      4.649064541      5.459973812      15737.36035      118.0107956      2.490052223     -86065.26562     -18.93328667
     141000      2.667461807e-08      12664.22656      15162.02441      5808.543457     -33184.85938     -101924.1797      4.633789539      4.633789539      5.494736671      15727.38965       117.983017      2.483252764       -85746.375     -5.420536518
     142000      4.844158497e-08      12513.36426      14840.95703      5739.488281     -32875.86328     -102442.4219      4.608491898      4.608491898      5.506961823      15677.27051      116.9579391      2.487163305     -86546.84375     -43.63750076
     143000      4.575872836e-08      12685.94141      14851.80273      5779.256836     -33093.33594     -102269.8828      4.599919796      4.599919796      5.538685799      15815.09668      117.1945038      2.487738132     -86229.28125     -1.642385125
     144000      4.281491073e-08      12766.12305      14996.92188      5796.085938     -33155.49609     -102338.2656      4.607012749      4.607012749      5.550168037      15726.25879      117.7999191      2.445831776     -86209.26562     -12.05034161
     145000      3.331531317e-08       12431.0459      14818.03418      5771.025391     -33349.87891     -102609.5781      4.597081184      4.597081184      5.521440983      15790.44531      116.6854706      2.475487947     -87147.84375      6.137341976
     146000      3.916155222e-08      12851.01855      15137.83594      5793.851074     -33333.13281     -101450.1484      4.620405674      4.620405674      5.518548489      15814.38086       117.810791      2.481230259     -85183.28125     -57.49905777
     147000      4.446182444e-08       12724.7373      14937.31543      5793.173828     -33467.03125     -102215.0391      4.614505768      4.614505768      5.507778168       15824.3125      117.2807693      2.500227451     -86400.59375     -12.85541821
     148000      4.551726818e-08      12603.50391      14396.88281      5792.657715     -33467.49219     -101937.1094      4.606637955      4.606637955       5.50158453       15813.1123      116.7497482       2.48042345     -86797.78125      33.48026657
     149000      3.271616578e-08      12636.83203       14734.2168      5857.912598     -33232.86719     -101881.5703      4.608147144      4.608147144      5.530029297      15776.06934      117.4302826       2.46251893     -86108.65625      24.76539421
     150000      4.200155601e-08      12695.50098      15236.49023      5890.210449     -33485.53516     -101872.2422      4.590402603      4.590402603      5.517702103      15844.24609      116.2678986      2.437973976     -85690.60938      21.78562355
     151000      4.282831512e-08      12703.06055      14963.65137      5857.203125     -33327.04688     -101711.9844      4.594536304      4.594536304      5.533878803      15804.04688      116.8188782      2.435704708     -85709.79688      8.753149986
     152000      2.706428326e-08       12558.4541      15073.90723      5795.515137     -33320.07422     -102591.5312      4.595776081      4.595776081       5.52781105      15765.36328      116.7537766      2.460289478     -86717.39062     -25.39741707
     153000      3.862837517e-08      12434.73926      14685.68555      5777.361328     -33114.63672     -102138.7031      4.599179268      4.599179268      5.514779091      15742.13184      116.6510925      2.504751682     -86610.46875      16.41905594
     154000      2.990870485e-08      12698.30957      14662.15039      5778.729004     -33216.55859     -101938.4531      4.607030392      4.607030392      5.534095287      15799.74414      117.4596786      2.503221989     -86214.84375      14.60730648
     155000      3.122062253e-08      12618.99121      14838.04492      5723.064941        -33121.25     -101807.1562      4.616149426      4.616149426      5.562677383      15766.85547      118.5341797      2.441954374     -85979.59375     -17.74295425
     156000      2.930145016e-08      12822.60254      14672.32812       5846.81543     -33321.25391     -102533.3047      4.591349602      4.591349602      5.546158791      15776.36328      116.9157562       2.47487092     -86735.71875      9.650260925
     157000       4.16574828e-08      12966.30566      14589.97656      5898.654297     -33466.71484     -102257.7422      4.593486309      4.593486309      5.549338818      15830.93066      117.0916977       2.52816844     -86437.48438       61.7507019
     158000      1.509918235e-08      12159.44922      14736.64648      5809.719727     -33316.86328     -101689.3203      4.601699352      4.601699352      5.556705475      15824.52051      117.6667709      2.480929613       -86474.125      7.521920681
     159000       2.51387231e-08       12269.7666      14421.60254      5782.642578     -33303.90625     -101282.7266      4.608932972      4.608932972      5.527977467      15802.45215      117.4267578      2.470114946     -86308.65625      17.33138084
     160000      3.661007852e-08      12417.42871      14285.90625      5731.066406     -33395.97266     -101649.3203       4.61801672       4.61801672      5.484154224      15837.25391      116.9555054       2.46430254      -86772.8125      77.40034485
     161000      5.491087052e-08      12503.90723       14764.4541      5801.815918     -33109.88672     -101919.6641       4.63049984       4.63049984      5.500977039      15731.14551      117.9493561      2.498509884     -86227.09375     -11.91043472
     162000      3.406825044e-08      12970.89941      14953.23828      5789.215332     -33343.91016     -102270.7578      4.602045059      4.602045059      5.499196529      15762.83398      116.4664917      2.487887859     -86137.21875      -23.5594368
     163000      3.535365423e-08       12600.0293      14690.82227      5818.201172     -32953.42969     -101978.9453      4.602720261      4.602720261      5.533538818      15726.49512      117.2282104      2.495589972        -86095.75      49.44072342
     164000      4.037023871e-08      12788.87012       15368.7373      5847.812988     -33259.92578     -102112.9375      4.599882603      4.599882603      5.540500641      15742.87402      117.2310104       2.45565176     -85622.71875     -67.13692474
     165000      2.662616971e-08      12790.37598      14812.83594      5872.675781     -33270.10156     -102295.6719      4.600049019      4.600049019      5.529049873      15783.94727      116.9971924      2.463431358       -86305.125      11.15556622
     166000      3.299047435e-08      12675.24609      15133.07812      5749.537109     -33037.94141          -101613      4.602264404      4.602264404      5.579266548      15765.61523      118.1735382      2.482667208     -85326.20312     -22.82063103
     167000      3.808743898e-08      12731.24414      14871.31055      5784.557617        -33129.75     -102291.7891        4.5803442        4.5803442       5.59431982       15832.1875       117.366333      2.456449747     -86201.51562     -62.49288559
     168000      4.173720924e-08      12970.19238      14509.97461      5742.431641     -33189.73828     -102077.1953      4.580075264      4.580075264      5.591557026      15797.22461      117.2945862      2.476716518       -86245.875      38.64057541
     169000       3.49676057e-08      12581.19629      14879.07812      5851.164551     -33201.44141     -101342.1797      4.586109161      4.586109161      5.590680599      15812.95801      117.5854111      2.434943676     -85418.23438      7.820097446
     170000       4.75191051e-08      12633.38477      14682.00488      5795.314453     -33572.07031     -102113.8984      4.594643593      4.594643593      5.597065449      15898.77344      118.1582489      2.494302511       -86674.875     -52.18597031
     171000      3.302594109e-08      12747.90918      14259.61133         5730.625     -33487.35156     -101153.0938      4.597828388      4.597828388      5.590811729      15861.57617      118.1899033      2.465729475      -86040.3125      24.93456268
     172000      4.449945479e-08      12757.97363      14678.34277      5830.543457     -33348.32812     -102016.4766      4.583873749      4.583873749       5.59675169      15802.98438      117.5983734      2.466814756     -86294.15625     -24.48146439
     173000      4.040055046e-08      12604.25586      14766.75781       5825.71875     -33437.83984     -101956.0234      4.564783096      4.564783096      5.607377052      15799.65039      116.8422852      2.480418921      -86396.0625       24.4093895
     174000      3.627255651e-08       12482.4375      14597.08984      5685.717773       -33415.125     -101182.7344      4.564949989      4.564949989      5.646366119       15861.7373      117.6633148      2.509105921     -85967.95312      1.153250813
     175000      5.049110996e-08      12500.12305      14578.76953      5829.831055     -33617.32422     -101322.3438      4.553895473      4.553895473      5.653449535      15883.47559      117.2410355      2.476821184       -86146.875     -32.79386902
     176000      3.625433465e-08      12599.21875      14697.25977      5812.473145     -33469.68359       -101890.75      4.563499928      4.563499928        5.6545825      15823.42188      117.7596817       2.44542408     -86427.14062      18.11140251
     177000      2.997175841e-08      12362.81934      14571.72754      5820.044922     -33366.40625     -101412.9531      4.569764614      4.569764614      5.647819042      15841.57227      117.9419937      2.477481842           -86182      71.28598022
     178000      4.412601484e-08      12831.49805      14969.95117      5897.006836     -33415.09766     -102057.3047      4.560323238      4.560323238      5.621823311      15865.40137      116.9145203       2.48131156     -85906.01562      -17.3843441
     179000      3.420936068e-08      12490.22168      14673.32031       5803.79541     -33340.21484     -101318.0781      4.560606003      4.560606003      5.615025997       15815.4541      116.7876434      2.509412289     -85874.15625     -11.94902134
     180000      4.402129505e-08      12358.37207      14571.79199      5845.792969     -33124.05078     -102405.0391      4.565926552      4.565926552      5.603013515       15770.7832      116.8098602      2.454026937     -86979.21875      -0.51669842
     181000      4.953702515e-08       12453.6543      14491.75586      5807.749023     -33172.97266     -101637.3359      4.581690311      4.581690311      5.599036217      15785.57617      117.5343323      2.474123478     -86270.35938       4.59318924
     182000      4.194886216e-08      12672.83789      14416.70312      5830.022461     -32969.05469     -101451.3125      4.578708172      4.578708172      5.603658676      15733.88086      117.4782867      2.477005243     -85766.57812       25.2436924
     183000      4.423066713e-08      12799.68652      14791.00879       5810.86377     -32759.62109     -101273.6406      4.588272572      4.588272572      5.598659515      15702.30469       117.864357       2.49980092     -84926.65625      16.55034065
     184000      3.925530478e-08      12514.75195      14627.86523      5733.383789     -33119.45312     -101912.8828      4.593083382      4.593083382      5.587111473      15768.62598      117.8680191       2.49259305       -86386.625     -19.36143303
     185000      4.928096331e-08      12516.39746      14427.48926      5773.584961     -32955.35547     -101895.6797      4.596724033      4.596724033      5.595342159      15710.82812      118.2288589      2.464262486           -86421      56.49019623
     186000      4.134223985e-08      12654.99707      14609.49805      5808.027832       -33161.625     -101408.5625      4.591816425      4.591816425      5.607849121      15769.86426      118.2402496      2.479451656      -85727.5625      14.99557114
     187000      2.529695742e-08      12809.80566      14852.22852       5780.23291     -32968.16797     -101654.4062      4.586304665      4.586304665      5.604397774      15761.36621      117.8839722      2.464645863       -85417.375      11.14506245
     188000       3.30038965e-08       12811.2373      14765.65918      5835.921875     -33517.41406      -101066.875      4.600193977      4.600193977      5.610221386      15855.02832      118.7222977      2.460275888       -85316.125     -30.85879326
     189000      3.713929431e-08      12696.94531      14461.07422      5757.436523     -33502.60547     -101190.8047      4.608661175      4.608661175      5.598452568      15838.61914      118.9097748       2.47222352     -85937.35938      4.999013901
     190000       3.02093639e-08       12569.2959      14551.01367      5821.559082     -33228.52344     -101501.8438       4.60314846       4.60314846      5.545292854       15777.2832      117.4990768        2.4926548     -86008.90625      9.548845291
     191000      4.457188396e-08      12503.29688      14653.00879      5877.109863     -33506.22656      -101064.125      4.606701374      4.606701374      5.537890434      15892.83398      117.5234299      2.479777575     -85643.46875      8.028684616
     192000      3.422343653e-08      12522.67578      14602.97266      5802.469727     -33458.58203     -100266.4062       4.60869503       4.60869503      5.555266857      15859.43164      117.9942551      2.467764854     -84936.73438     -6.716974735
     193000      3.518190184e-08       12398.6123      14371.66406      5781.651855     -33192.97656     -101432.3438      4.610610485      4.610610485      5.571490765      15835.48047      118.4372406       2.48684144     -86235.53125      16.11034203
     194000      4.319974067e-08      12241.01562      14650.06836      5731.596191     -33191.16016     -101294.9922      4.605742455      4.605742455      5.559053421      15772.91016      117.9234467      2.493212223     -86087.15625      -10.1206913
     195000      4.151101507e-08      12435.33398      15177.97363      5832.355469     -33272.13672     -100832.0703      4.602579117      4.602579117      5.558449745      15793.82324      117.7487259      2.517120361     -84863.40625     -4.484025478
     196000      3.738124477e-08      12344.34668      14275.10938      5780.390137     -33404.52344     -100676.0938      4.605061531      4.605061531       5.56737566      15870.90723      118.0650635      2.499168396     -85807.71875      70.58972931
     197000      2.665906784e-08      12270.11523      14929.83301       5808.70752     -33475.38281     -100785.4844      4.608087063      4.608087063      5.576605797       15881.7832      118.4162521      2.448176622      -85369.6875     -81.62368011
     198000      3.899168632e-08      12541.41699      14600.46875      5803.289062     -33255.44531     -101381.9531      4.596680641      4.596680641      5.589774132      15825.92578      118.1089783      2.489230871     -85866.92188     -19.71849823
     199000      5.094597455e-08      12478.38477       14714.9707      5784.271973     -33451.48438     -101272.3203       4.59126997       4.59126997      5.605676651      15822.53613      118.1663132      2.505725145        -85921.75     -18.00344276
     200000       4.30615863e-08      12523.93066      14443.66309      5818.999023     -33379.66406     -100761.6641      4.594499111      4.594499111      5.577155113       15949.0918      117.7305222      2.497481585     -85404.21875      60.08219147
