   timestep             momentumAngleForceHarmonic3.potBondForceHarmonic2.potDihedralForceAmberCosine4.potLJCoulombPair5.potLJEwaldForce0.pot               Lx               Ly               Lz   PPPMForce1.pot           Volume      temperature  total_potential   total_pressure
          0       9.65911604e-05      25357.70117      35454.48438        24696.875     -4048.433105     -136105.9688      4.100249767      4.100249767      11.53884983      5972.325195      193.9916992      2.501145601     -48672.78125     -36.00780106
       1000      4.456346758e-08      25771.29297      36596.53125      24774.39062     -4053.281494     -135904.7031      4.094255447      4.094255447      11.51035595       5915.35498      192.9472656      2.490660906     -46901.21875     -27.87956047
       2000      3.050431019e-08       26156.7168      36235.76953      24795.15039     -3964.071533     -135779.2344      4.091157913      4.091157913      11.53888226       5915.05127      193.1328888      2.482437611     -46638.09375      11.13884449
       3000      3.787644332e-08      25938.87305      36177.04297      24782.86133     -3979.106689     -135243.7969      4.095569134      4.095569134      11.58747482      5936.451172      194.3646851      2.470964432         -46388.5     -10.89772511
       4000      4.327892356e-08      26056.51758      36207.50391      24733.63672     -3963.604004     -135133.9375      4.085312366      4.085312366      11.61102295      5939.605469      193.7853851      2.455198288     -46162.40625      16.95527077
       5000      2.336081373e-08      25731.22852      35540.62891       24728.2832     -3966.418457     -135517.5156      4.084900856      4.084900856      11.65258408      5954.463379      194.4398499      2.469918489     -47529.09375      15.16563988
       6000      4.202796333e-08        26467.375        35741.125       24715.8457     -4021.346191     -135399.7188      4.069305897      4.069305897      11.66922855      5930.492676      193.2336731      2.471997261      -46565.1875     -8.547273636
       7000      2.708401503e-08      26416.28125      35738.90625      24762.21484     -3983.048584     -135566.1719       4.05194521       4.05194521      11.73817921      5922.422852      192.7204895      2.508486748      -46711.3125      26.69182968
       8000      4.702492618e-08      26304.05664      36308.09766      24737.83789     -4048.683838     -135751.9219      4.052616596      4.052616596      11.80243492       5923.76416      193.8396606      2.484039068      -46527.3125     -40.48936844
       9000      4.875868953e-08      25929.25195      36012.69922      24703.72266     -4067.467041     -135132.7812      4.042770863      4.042770863      11.82381535      5947.996582      193.2483978      2.444277048     -46604.34375     -31.81149101
      10000      3.583346952e-08      26118.86719      35927.17969      24774.69141     -3991.290527     -135431.6562      4.034225464      4.034225464      11.85751438      5944.748535      192.9807434      2.489055157      -46655.9375      31.44108391
      11000      4.359283778e-08      25918.70312      36409.29297      24741.73047      -3981.90332     -136000.8438      4.024520874      4.024520874      11.88405132      5958.219727      192.4832153      2.482377052      -46956.1875       34.1652565
      12000      3.262381298e-08      25571.22656      35897.44531       24741.4707     -4002.057129     -135372.0312      4.032579899      4.032579899      11.95013046      5996.466797      194.3294525      2.467503071       -47169.125      24.42045403
      13000      4.404506981e-08      26355.92969      35703.82422      24733.66016     -4034.210449     -135414.0312      4.019299507      4.019299507      12.01937389       5962.97168      194.1701965      2.483623743      -46692.5625      20.82216072
      14000       4.17946886e-08      26182.10547      35842.40625      24796.80078     -3988.801025     -135297.7031      3.994984865      3.994984865      12.08969784      5937.808105      192.9504089      2.499051094     -46525.96875     -7.011253357
      15000        4.6649685e-08      26764.42383      36508.96875      24788.99414     -3949.153564     -135260.1875      3.984246731      3.984246731      12.20227528      5949.782715      193.7016296      2.469457388     -45194.96875     -32.90756989
      16000      1.990733622e-08      25598.37695      35700.73438      24786.41016     -3998.042969     -135141.0469      3.970290184      3.970290184      12.24289608      5979.518555      192.9872742      2.461874247      -47077.0625       5.89744997
      17000      3.483040345e-08      25745.49805      35710.26172      24737.58008     -4030.765381     -135430.3125      3.976619959      3.976619959      12.26878929      5969.609375      194.0125732      2.476739407        -47300.25     -37.86483383
      18000      2.906701901e-08      26569.32422      35960.96484      24768.07227     -4068.114746     -134821.7656      3.982363701      3.982363701      12.26105595      5932.791016      194.4507904       2.46285224     -45657.09375     -14.72070694
      19000      4.079060645e-08      26327.72461      35580.53906      24765.33984     -3948.481689     -134810.7812      3.977230549      3.977230549      12.21666622      5925.921387      193.2476654      2.504876375        -46157.75      48.18767548
      20000      3.175862062e-08      26122.94727      35488.26562      24761.14844      -4009.11792     -135070.4375       3.97040534       3.97040534      12.28655529      5939.359863      193.6867065      2.488678455      -46769.6875      32.69991684
      21000      3.919074842e-08      25785.72656      35306.63281      24751.48438     -3987.107422     -134631.8125      3.957349777      3.957349777      12.33867931      5971.243652      193.2313232      2.451427698     -46803.46875      48.64183044
      22000      3.691878092e-08      26156.20703      35503.79688      24766.04492     -4005.535156     -135217.5156      3.956553459      3.956553459       12.3336792      5907.195312      193.0753021      2.484124899     -46889.71875      18.38851166
      23000      3.544538885e-08      26271.62695      35548.96875            24737     -4024.622803     -134171.0781      3.975431681      3.975431681      12.36593533      5953.939453      195.4319458      2.489182711     -45684.28125      7.818478584
      24000      3.851317487e-08      25997.89648      35715.99219       24775.3418      -4044.67627     -135273.6719      3.958738089      3.958738089      12.35394192      5894.508789      193.6061249      2.480442762     -46934.34375     -8.067583084
      25000      3.530163539e-08      25820.66016      35504.64062      24667.13086     -4090.026611     -135083.9688      3.945534468      3.945534468      12.42734241      5966.525879      193.4594574      2.478201628        -47216.75     -29.63619423
      26000      4.478100024e-08      25753.81055      36166.10156      24781.12305     -4044.467773          -135353       3.93554759       3.93554759      12.47916508      5968.870117      193.2839813      2.465894222      -46726.1875     -50.42155838
      27000      2.427262302e-08      26559.58008      35587.33203      24734.80859     -4019.087402     -135105.6875      3.920904636      3.920904636      12.53881168      5944.535156      192.7653351      2.478661299       -46298.875      35.10710907
      28000      4.635160877e-08            25791      35836.87891      24806.41602     -4017.147217      -135302.625        3.9109025        3.9109025      12.61610222      5922.709961      192.9652863      2.496656895      -46960.1875     -24.36701584
      29000      4.813224308e-08       26129.9043      35739.11719      24672.06836     -4020.907471     -135300.7656      3.904190063      3.904190063      12.70615959      5962.515137       193.676178      2.469144106      -46819.0625     -17.39902878
      30000      3.457178721e-08      26659.68555      36040.62109      24803.29492     -3981.885986      -135848.625      3.894396067      3.894396067      12.72024345       5932.11377      192.9192963      2.461167097     -46393.53125     -20.11074066
      31000      5.704299255e-08      25983.39453      35650.09375      24750.77734     -4102.095215     -134688.6875      3.901601315      3.901601315       12.6952734      5918.851074      193.2537079       2.49231863     -46486.78125     -27.87155533
      32000      4.217069005e-08      25892.75586      35250.27344      24749.28711     -4027.684814     -134925.2812      3.896756172      3.896756172      12.68622208      5932.025879      192.6365814      2.475658894     -47128.09375      40.51952744
      33000      4.522988561e-08      26313.79102      35677.57422      24776.91016     -3989.329102     -135612.3438      3.894944191      3.894944191      12.72520065      5914.908203      193.0488129      2.477456331     -46918.65625      -8.92259407
      34000      4.174111368e-08      25933.90234      35640.01172      24734.07422     -3970.242676     -134258.5156      3.900723934      3.900723934       12.7786932      5990.460938      194.4360809      2.477905273     -45928.21875      6.495225906
      35000      3.331919274e-08      25860.54688      35504.73047      24743.60938     -3975.871826     -134715.2656      3.889778614      3.889778614      12.74557781      5959.797363      192.8454132      2.508521318     -46622.21875      21.55647087
      36000      2.568638457e-08       26191.9668      35672.29688      24673.68945      -4005.10376     -135792.2656      3.883316994      3.883316994      12.76379299      5924.901855      192.4799194      2.475284338     -47335.71875      40.81562042
      37000      3.445932606e-08      25664.97266      35452.01172      24735.20508     -3991.455811     -134959.5625      3.880028248      3.880028248      12.80452347      5954.733887      192.7672272      2.477712393     -47143.78125      14.14088058
      38000      3.762404788e-08      25818.62305      35763.17969      24762.92383     -3968.038086       -135265.75      3.874510527      3.874510527      12.83709908      5934.719238       192.708374      2.463074207      -46954.8125     -31.35309601
      39000      4.885209037e-08      25965.75195      35463.08984      24759.26172     -4010.975586     -135168.2188      3.862833023      3.862833023      12.89286423      5925.224121         192.3806      2.468542576     -47065.90625      33.47620392
      40000      4.020336419e-08       26061.8125      35954.91016      24763.73047     -4051.645264     -135116.0469       3.85823822       3.85823822      12.99685574      5950.127441      193.4712219      2.496476889     -46435.84375      1.396989942
      41000       3.87507022e-08      26273.60547      35562.91797      24743.60742     -3998.322754     -134604.7969      3.850016117      3.850016117      13.05004692      5946.942871      193.4359436      2.502329826         -46073.5      33.20357895
      42000      4.333757175e-08       25781.5332      35549.85547      24741.12891     -4115.942383     -135621.0625      3.842853069      3.842853069      13.06437016      5939.450684      192.9283447      2.488632202       -47724.375     -16.07686806
      43000      3.039710705e-08      25669.62109      35839.37109      24760.04688     -4070.988281      -134937.875      3.841312647      3.841312647      13.11161613      5941.388184      193.4708557      2.469940662      -46796.0625      -16.8149128
      44000      2.952981326e-08      26169.79883      35709.33984      24711.48047     -4021.132568     -135015.2812      3.829422712      3.829422712      13.19013309      5959.331055      193.4264221      2.475375891     -46488.96875      3.272461176
      45000      1.733322463e-08      26056.50977      35471.01953      24710.05078     -4045.245117     -135807.1094      3.808664799      3.808664799       13.2846241      5960.986328      192.7057953       2.49370122      -47657.1875     -1.243090749
      46000      4.316893509e-08      26061.55078      36045.60547      24779.01367      -4093.52002     -134788.0156      3.801979303      3.801979303      13.44113445      5966.680176      194.2922211      2.486693621      -46028.6875     -12.20376968
      47000      2.451883141e-08      26094.82227      35410.42578      24655.57031     -3996.596436     -134901.6719      3.781225681      3.781225681      13.51993752      5958.074219      193.3035736      2.476532221     -46780.21875      21.42331314
      48000      2.008129663e-08      25731.45703      35375.81641      24765.91211     -4030.895996     -134734.4062      3.765680075      3.765680075      13.54681683       5971.43457      192.0985565      2.485282183     -46921.03125     -19.22554398
      49000      3.394428916e-08      26346.89062      35911.92188      24744.59766     -4009.641113     -135193.8281      3.770451546      3.770451546      13.68002224      5910.218262      194.4793701      2.491208553     -46287.65625     -19.22134972
      50000       4.52765434e-08      25762.41992      35565.74219      24753.73047      -4028.75415     -135006.0312      3.745135784      3.745135784      13.74632931      5939.836426      192.8065948      2.491863012      -47009.4375     -20.42738914
      51000       2.45039331e-08      26160.62695      35406.20703      24701.24219     -4129.683594     -135092.7188      3.729390621      3.729390621      13.84590244      5931.378418      192.5737305      2.478491068       -47024.875      9.284430504
      52000      2.387736409e-08      26345.25195      34952.62109      24748.67578     -4063.235596     -135151.8906       3.71279788       3.71279788      13.98753071      5899.038086      192.8162689       2.45762229      -47268.5625      7.778312206
      53000      3.299762952e-08      26197.70312      35674.92969      24758.69531     -3995.271729     -135242.0625      3.693624735      3.693624735      14.08854961       5913.11377      192.2081604      2.462413788     -46694.78125     0.7148215771
      54000      3.290160677e-08      26078.51758      35808.97266      24754.50586     -3987.427002     -134901.5625      3.686347246      3.686347246      14.18949413      5939.244141      192.8232574      2.469517708     -46309.09375      52.89384842
      55000      3.528204928e-08       25998.9668      35528.47656      24772.44922     -4016.949707     -134458.0781      3.677761078      3.677761078      14.20972347      5994.394531      192.1996765      2.467960358     -46177.65625      30.44040871
      56000      4.134755471e-08       26340.7793      35425.98438      24718.26758     -4042.431885     -135817.7656      3.684316874      3.684316874      14.22432327      5895.881836      193.0836792      2.473065615         -47478.5       -1.3825773
      57000      4.116945362e-08      25995.65039      35201.28125      24717.28516     -4055.032715     -134576.9375      3.686052322      3.686052322      14.17131805      5968.519043      192.5454407      2.448151588         -46746.5      17.02193451
      58000      3.840985485e-08      26036.45898      35629.21094      24759.19141     -4053.339844     -135627.3594       3.68270278       3.68270278      14.14792538      5897.919922      191.8784027      2.465094328       -47359.625      29.67286682
      59000      3.644775148e-08      26140.83398      35811.63281      24788.69922     -4067.828125     -135439.6875      3.684165716      3.684165716      14.20111942      5911.786621      192.7528839      2.489187241      -46854.0625      21.54176903
      60000      2.950937805e-08      26175.42383      35400.94531      24765.39648     -4026.596924     -134269.2188      3.678923845      3.678923845      14.27250195       5947.40918      193.1709137      2.492762804      -46008.1875     -4.324598789
      61000      3.361068934e-08      25693.86133      35290.78516      24751.61523     -3976.481445     -134886.5469      3.667755365      3.667755365       14.3482008      5935.529785       193.018158      2.501270056       -47189.875        36.807621
      62000      2.790858922e-08      25732.15625      35722.79297      24764.56055     -3967.986328     -134328.4219      3.668645382      3.668645382      14.41844749      5959.237793      194.0572815      2.464907169      -46116.5625      27.51026154
      63000      3.393618542e-08      25568.41406      35968.99609      24792.92969     -3989.214844     -135382.3125      3.660452843      3.660452843      14.40317917      5957.317871      192.9869843      2.456778526        -47083.25     -25.73394585
      64000      3.124019443e-08      25776.80273      35322.40234      24645.62695     -4053.144531          -134696      3.664847374      3.664847374      14.41665745      5939.373535      193.6316681      2.497718096     -47063.65625      4.684010029
      65000       2.74523444e-08      26201.88867      35207.32812      24797.05078     -4048.726807      -135345.625      3.661096096      3.661096096      14.38870621      5899.617676      192.8608093      2.510125875     -47288.03125     -9.570232391
      66000      4.180164481e-08      26600.90625      35922.63672      24712.88477     -4099.412109     -135205.5781      3.658542395      3.658542395       14.4308033      5925.992676      193.1553345      2.485678911     -46141.90625     -41.81272888
      67000      3.199163956e-08       25783.1582      35432.78906      24702.08594     -4123.350098     -134834.6562      3.642920256      3.642920256      14.49486065      5945.906738      192.3593903      2.490954638     -47093.90625     -13.52548409
      68000      3.716144192e-08      26127.76172      35842.61719      24637.94727      -4083.19043     -135740.5781      3.638747454      3.638747454      14.54801273      5926.823242      192.6227264      2.450042963        -47287.75     -38.08486938
      69000      4.387770858e-08      25850.43945      35618.82812      24712.41016     -4086.246826     -135216.0781      3.644481182      3.644481182      14.60818291      5946.800293      194.0294342      2.456796408       -47176.875     -38.28202438
      70000      2.052275505e-08        25705.125      35804.35547      24738.94141     -4091.621338     -135157.8281      3.627842903      3.627842903      14.61248302      5961.777344      192.3184662      2.485646963         -47038.5     -8.201992035
      71000      3.156663553e-08      25953.04102      36044.29688      24787.22656     -4055.058105     -135204.2344      3.630819798      3.630819798      14.70202255      5933.207031      193.8146057      2.470447063       -46541.625     -67.30883026
      72000      3.657878622e-08      25642.28711      36130.57812      24758.71875     -4043.608398      -135752.375      3.619300127      3.619300127      14.71655941      5921.334961      192.7771301      2.467748165      -47341.8125     -21.34092903
      73000      4.988423896e-08            25657       35564.3125      24757.22852     -4034.388916       -135623.25      3.607780218      3.607780218      14.73731136      5923.594238       191.821991      2.485177994      -47754.9375    -0.2779473066
      74000      3.964786188e-08      26115.50586      35220.99609      24826.97656     -3980.775391     -134307.4219      3.609044552      3.609044552      14.81766987      5961.976562      193.0031586      2.480887413     -46164.34375      31.31046867
      75000      4.553021427e-08       26018.1543      35524.35938      24745.12891       -4017.6875     -135380.1719       3.60114193       3.60114193      14.83969402      5961.106445      192.4444733      2.480388641     -47150.28125      34.60633087
      76000      4.580039459e-08       26099.6582      35935.23828      24751.99023     -4068.678467     -135340.3125      3.594058037      3.594058037      14.92522049      5904.425781      192.7928619      2.476834059     -46718.71875     -5.424377441
      77000      1.625243584e-08      25855.55469      35681.15234      24702.01367     -4063.258057     -135248.7969      3.584732771      3.584732771      14.97899628      5921.816895      192.4847412      2.481760502       -47152.375      -25.0821228
      78000      3.693516959e-08      25861.11328      35257.12891      24774.64062     -3941.277832     -135590.7344      3.592116117      3.592116117      14.96501446      5893.942871       193.098053        2.4755826       -47742.625      16.94983673
      79000      3.562719542e-08       26293.2207      35624.50391      24734.40039     -3989.779541     -134515.0156      3.602118492      3.602118492      14.98656845      5934.842773      194.4545898      2.483308315     -45918.15625      24.19274521
      80000      3.427066275e-08      25774.21484      35651.54688      24727.53125     -4086.401123     -134724.9531       3.58475852       3.58475852      14.96925163      5942.456543      192.3622742      2.499246597     -46713.96875     0.3790658414
      81000      5.500848133e-08      26059.73633      35311.13281      24744.14062     -3988.008301     -134866.5938      3.583231449      3.583231449      15.01479721      5979.498535      192.7832031      2.490382195      -46759.0625      24.51762199
      82000       4.93407093e-08      26210.23047      35629.16406      24753.49219     -3976.209229      -136028.375      3.570311785      3.570311785       15.0187254      5886.551758      191.4455872      2.450343609     -47524.53125      21.34696007
      83000      3.878813715e-08      26333.36133      35693.05859      24666.41797     -3971.749512     -135815.8906      3.563148499      3.563148499      15.09820747      5985.860352      191.6872406      2.452274084     -47110.15625      25.03718376
      84000      4.580098789e-08      26295.24023      35898.80078      24765.14844     -3955.727051      -135322.125      3.557811737      3.557811737      15.18428612      5909.000488       192.203064      2.491326809           -46411      1.149561405
      85000      1.168165475e-08      26290.92578      35464.72656      24724.21484     -3988.296387     -135907.9531      3.551852226      3.551852226      15.23953247      5920.444824      192.2566681      2.475160122      -47494.8125      9.339870453
      86000       2.81834911e-08      26021.23633      35956.91016      24804.37891     -4102.552246     -136026.0156      3.556416273      3.556416273      15.34318733      5920.199219      194.0621185      2.473404408           -47427     -40.03395462
      87000      5.303311212e-08      26244.63867       35822.6875      24698.56445     -4081.178467     -135005.2188       3.54463625       3.54463625      15.37103844      5920.679688      193.1285858      2.463203669      -46398.6875      3.780613422
      88000      4.041894286e-08      26085.19922      35782.21094      24739.16992     -4088.983154     -135824.3594      3.543867588      3.543867588      15.33227825      5913.855957      192.5580444      2.497668982       -47390.375     -39.84729767
      89000      3.354501743e-08      26025.82031      35907.96094      24728.55273     -4053.574463     -135142.1094      3.545262337      3.545262337      15.35807419      5945.368652      193.0338593      2.491540432       -46589.625     -13.30654335
      90000      3.410213623e-08      25872.84375      35880.26953      24759.30469      -4028.44043     -135398.6719      3.536843777      3.536843777      15.40726376      5929.370605      192.7335358      2.480740786      -46982.3125     -29.38085365
      91000      4.194541958e-08      26038.26172      35679.32422      24643.60742      -4049.84668     -136111.7031      3.537181854      3.537181854      15.50332928      5916.321777      193.9723206      2.438973665     -47882.78125     -42.19112396
      92000      3.791907588e-08      25967.79297      36076.45312      24722.03711     -4082.768066     -136014.2969      3.527275801      3.527275801       15.4947443      5925.716309      192.7805634      2.473706722     -47405.65625      -56.3509903
      93000      2.781997743e-08      26689.48242      36179.25781      24718.67383     -3933.779541     -135747.9531      3.517779112      3.517779112      15.51659393      5939.965332      192.0142822      2.496780872      -46152.4375      17.26375198
      94000      3.503560819e-08      26115.31445      36118.44531      24740.24414     -4003.197998     -135498.2812       3.52026844       3.52026844       15.6255455      5959.142578      193.6362915      2.487748623     -46565.65625     -12.52934933
      95000      3.543623706e-08       25528.4082      35365.19531      24690.10742       -4037.3396     -135699.4844      3.511049986      3.511049986      15.71025181      5966.665527      193.6676788      2.456563473      -48188.3125       6.35542202
      96000       4.70349093e-08       26300.2168      35350.56641      24734.89062     -4051.614014     -135597.8281      3.490697145      3.490697145      15.77917862      5923.087402      192.2687531      2.450685024        -47338.25     -1.985359907
      97000      4.482532745e-08      26350.62695      35858.66406      24712.13477     -4050.613525     -135734.2188      3.481797218      3.481797218      15.92835522       5965.62793      193.0980377      2.496345758     -46897.15625     -46.81658936
      98000      3.095420809e-08      26021.82227      35839.60938      24702.12891     -4065.028564     -135628.9844      3.470828533      3.470828533      15.98807335      5958.593262      192.6027374      2.492827415     -47174.03125     -12.39545441
      99000       4.33145857e-08      26216.25586      35513.62109      24702.54297       -4016.4729     -135642.7031      3.459864616      3.459864616      16.00557518      5947.724121      191.5973511      2.464691162     -47278.90625     -4.925184727
     100000      3.765309131e-08      25938.50586      35663.55469      24710.53516     -4086.497803     -136045.3281      3.460752964      3.460752964      16.04481506      5948.493652      192.1657257      2.493478775     -47872.65625     -3.417257071
     101000      2.169918822e-08      26240.75586      35779.30469      24666.59766      -4130.21875      -135133.125      3.463516951      3.463516951      16.04296684      5916.330078      192.4506226      2.487793922        -46660.75     -20.39831161
     102000      3.527918935e-08      25693.50391      35852.62891      24750.60156     -4049.616211     -135293.6562      3.464717627      3.464717627      15.97955036      5912.256836      191.8228149      2.472559929       -47132.125      -9.34975338
     103000      3.147950878e-08      25710.52148      36162.63281      24638.58594     -4055.387695     -135639.8594      3.469610453      3.469610453      15.99281883      5958.510742       192.524704      2.475787401           -47226     -12.26117039
     104000      3.286095307e-08      25956.36133      35686.99609      24746.18945     -4072.007568     -135486.6562      3.465611696      3.465611696      15.99158859      5910.625488      192.0664062      2.467835665     -47258.40625     -20.31621552
     105000      3.738106358e-08       25818.4668      35513.21094      24691.23438     -4069.533203     -135499.7188      3.465024948      3.465024948      15.95453548      5950.157227      191.5565033      2.469927311      -47597.9375      2.314407587
     106000      5.197430042e-08      25682.72461      35642.44922      24686.41602     -4105.904297     -134776.1406      3.471322775      3.471322775      15.93372345      5967.500488      192.0026703       2.47765255       -46901.875      24.42019272
     107000      4.646069485e-08      26510.35938         36082.75      24691.31836     -4077.325928     -135829.4062      3.471084595      3.471084595      15.87965584      5924.350098      191.3249054      2.486736059     -46698.53125     -15.42623043
     108000      4.460458669e-08      26251.98047      35853.85547      24633.92383     -4108.328613     -134980.8281      3.478981495      3.478981495      15.94333076      5902.181152      192.9671173      2.458628178     -46450.28125     -38.90792084
     109000      5.050597807e-08      25868.72852      35768.78125       24675.1582     -4005.952637     -135996.7656      3.470519543      3.470519543      15.90791512      5948.151855      191.6029816      2.440051317      -47742.1875     -16.16660881
     110000      4.370239992e-08      26226.70898      35745.02344      24722.85938     -3994.998047     -135548.9688      3.472999334      3.472999334      15.96281815      5942.052734      192.5391235      2.484450817      -46908.9375     -31.74839592
     111000      2.384911646e-08      26185.20117      35480.44922      24722.36328     -4040.229248      -134904.875      3.471362352      3.471362352      16.03146172      5944.146973      193.1848297      2.504909515      -46614.3125    -0.9659426808
     112000      3.102298152e-08      26060.80664      35840.01953      24735.10547      -3982.92334     -135202.3438      3.460888624      3.460888624      16.07849121      5914.418457      192.5841522      2.482363224     -46634.65625      27.04795837
     113000      4.401508136e-08      25642.54688      35330.74219      24706.49609     -4031.849365     -135542.5312      3.452361822      3.452361822      16.10725594      5902.029785      191.9792023      2.441877127        -47993.75      -23.2289753
     114000      2.306307323e-08      25496.35156         35661.25      24679.19922     -4097.474121       -135473.75      3.450801611      3.450801611      16.14975548      5965.774902      192.3117981      2.455646038     -47769.34375     -11.70919609
     115000      4.925159303e-08      26146.33594      35166.78906      24617.48438     -4062.252197     -134362.4062      3.451791048      3.451791048      16.15980339      5975.236328      192.5418243      2.488451242     -46519.96875      68.42732239
     116000      3.576736773e-08      26360.12891      35568.32422       24729.8418     -4080.772217     -134908.5312      3.449284315      3.449284315      16.17752838      5961.256348      192.4731445       2.50432539     -46368.40625      10.29183769
     117000      3.151183847e-08        26180.625      35350.90234      24710.28516     -4033.991211     -135186.2656      3.449645519      3.449645519      16.21340179      5943.290039      192.9403534      2.477785587       -47036.125      31.83826828
     118000      4.919397156e-08      25903.67969      35211.00781      24745.39258     -4078.832764     -135725.7656      3.442286968      3.442286968      16.14987183      5894.907715      191.3653107      2.465093851     -48052.46875     -6.092384815
     119000      4.756158134e-08      26076.43555      34990.59375      24710.98047     -4026.591553     -135178.7969      3.453328848      3.453328848      16.15512085      5942.075684      192.6575623      2.495904207     -47483.53125     -17.92317581
     120000      1.958947138e-08      25952.17578      36035.65625      24706.32422     -4015.155518     -135479.4062       3.45866394       3.45866394      16.14066315      5921.899414       193.080368      2.504725933     -46876.90625      19.56164169
     121000      1.851693199e-08       26127.9707       35813.5625      24695.88477     -4075.065918     -135576.6719      3.454879045      3.454879045       16.1907711      5913.845703      193.2561188       2.51139164      -47098.9375     -21.86296844
     122000      4.148826349e-08      25518.14844      34977.64453      24687.85742     -4050.731934     -134940.0469      3.436064959      3.436064959      16.27029419      5928.015625      192.0959167      2.486768484       -47877.875      26.89147377
     123000      3.081079214e-08      25878.10547        35808.875      24711.20703     -4020.372559     -135335.1094      3.432673454      3.432673454      16.37470818      5968.560059      192.9472351      2.474357605     -46989.78125       9.13401413
     124000      3.988979103e-08      25825.65234      35485.36719      24699.77734      -4020.19165     -133947.3125      3.434041977      3.434041977      16.46404076      5920.104004      194.1545868      2.467782021     -46035.65625      12.94436073
     125000      2.527595022e-08      25943.01758          35863.5      24683.77734     -4130.728027     -135187.8281      3.423304081      3.423304081       16.5229435      5911.984863      193.6325684      2.466520786       -46916.625     -28.72128105
     126000      4.545278287e-08      26276.24805      35654.78125      24723.65039     -4060.675049     -134438.0625      3.415759325      3.415759325      16.56742859      5913.846191      193.2990112      2.490017176      -45931.3125     -22.73566246
     127000      3.830611917e-08      25832.50195      35396.82422      24715.53125     -4048.446777     -135068.7188       3.40943861       3.40943861      16.59830856       5953.61377      192.9432373       2.51199007     -47216.90625     -10.59623909
     128000      3.545949312e-08      25665.19141      35360.55859      24638.58789     -4050.282471      -135048.875      3.408094645      3.408094645      16.64330292      5934.078613      193.3137817        2.4798944     -47502.78125     -5.826141357
     129000      2.337838723e-08      25577.19922      35381.78516      24715.42578      -4072.08374     -135220.9531        3.3990767        3.3990767      16.70516014      5939.133301      193.0067902      2.454547644     -47678.84375     -15.27860737
     130000      4.508956408e-08      25956.76953      35152.89062      24711.53711     -4033.528809     -134137.2031      3.393560171      3.393560171      16.77618599      5956.105957       193.198761      2.495991945     -46391.03125      2.160683632
     131000      2.438308755e-08      26098.16016      35827.87891      24676.65039     -4063.989502     -134844.9531      3.382018089      3.382018089      16.81190109      5931.541992      192.2953033      2.475064993      -46372.8125     0.3552885056
     132000       3.75480127e-08      26204.51562      35235.42578      24685.66211     -4106.512695      -134799.875      3.383135796      3.383135796      16.91137695      5943.227051      193.5609894      2.461381197     -46839.15625     -26.03063583
     133000       3.09796242e-08      25763.23828      35420.70312      24655.45117     -4113.575684     -135611.2344      3.377281189      3.377281189      16.93955803      5928.153809      193.2130737      2.465127468     -47956.03125      -22.6098156
     134000      4.028981238e-08      25828.29492      35635.15625      24709.11914     -4070.690186     -134288.3125      3.375540972      3.375540972       16.9406929      5940.301758       193.026947      2.462007046     -46245.28125     -3.400371313
     135000      2.877956184e-08      26494.32227      35440.94922      24661.57617     -4091.751465     -134271.7031      3.378696918      3.378696918      16.87688637      5938.342773       192.659668      2.490705252     -45828.84375      16.52874184
     136000      3.708234075e-08      25811.84766      35031.49219      24677.57812     -4082.838379     -134926.2656        3.3735888        3.3735888      16.87025642      5964.601562      192.0021057      2.495661497      -47523.6875      23.85307121
     137000      5.151414584e-08      25723.61914      35198.37891      24666.20703     -4115.793945      -135334.375      3.372773886      3.372773886      16.93154526       5958.29541      192.6065521      2.485512257     -47905.65625     -23.76795197
     138000      3.839425844e-08      26262.15039       35394.0625      24641.85156      -4113.22168     -134371.8125      3.374397516      3.374397516      16.94266701      5954.333984      192.9186707      2.462468863      -46230.1875      3.355810165
     139000      4.589861291e-08      25961.68945      35404.91797      24702.23242     -4147.211914     -134688.0312      3.363898277      3.363898277       16.9776516      5943.143555      192.1159058      2.513197899     -46822.71875     -8.312202454
     140000       4.79984763e-08      25908.57031      35758.10156      24710.58789     -4035.823242      -134604.125      3.364640713      3.364640713      17.01254845      5931.344727      192.5957794      2.463665009     -46328.53125     -14.16569901
     141000      1.710126973e-08      26029.25781      35419.67969      24683.00391     -4046.231201       -135050.25      3.374283791      3.374283791      17.06134987      5860.745605       194.256958      2.470890522      -47103.4375     -22.75264359
     142000       3.11815711e-08      25916.61914      35556.01172      24703.74609     -4095.026611          -134796      3.357771158      3.357771158      17.11283493       6019.68457      192.9408264      2.474653482        -46694.75      10.24765682
     143000      3.389078174e-08      26216.49609      35558.71094      24685.74414     -4040.886719     -135071.4844      3.348510265      3.348510265      17.23073006      5923.696777      193.1999207      2.484178305     -46728.40625      37.58175659
     144000      2.793436948e-08      26373.73633      35638.60156      24747.96094     -4101.915527     -134749.8906      3.350998402      3.350998402      17.29888916      5931.359863      194.2525177      2.476051092     -46159.15625     -45.69290161
     145000      4.292401101e-08      26078.61133      35359.01562      24708.59375     -4083.284668     -135439.1562      3.337207079      3.337207079      17.24542999      5911.496582      192.0615234      2.469197989     -47465.84375     -36.88891602
     146000      3.973577378e-08      25717.75195      35403.48438      24693.83398     -4076.058594     -135156.1094      3.337109566      3.337109566      17.26444435      5918.566895      192.2620392      2.487771034     -47496.90625     -4.704557419
     147000      2.535402821e-08      26232.14453      35406.34375      24700.39648     -4078.953369     -134545.3281      3.341946125      3.341946125      17.31616211      5932.658203      193.3973541      2.494033575      -46351.1875     -24.64940071
     148000      2.620250861e-08      25656.97461      35681.40234      24682.54492     -3997.622803     -134376.0781       3.34056735       3.34056735        17.333498      5942.248047      193.4312744      2.468364716      -46410.4375     -13.08040905
     149000      3.040365115e-08       25339.0293      35282.50391      24744.27148     -3987.325195     -134436.7812      3.337605476      3.337605476      17.31705856      5955.800781      192.9052887      2.464066505     -47103.53125      40.65577698
     150000      2.713565195e-08      25848.14062      35608.87109      24738.91602     -3991.143311     -134726.5938      3.339394808      3.339394808      17.29538536      5903.040527      192.8704987      2.464573622       -46619.625      8.997070312
     151000      2.929362175e-08      25648.90039      35027.83594      24733.75391     -4089.318604      -134020.625      3.338953733      3.338953733      17.27083206      5943.526855      192.5458069       2.49810195      -46756.9375     -12.61739063
     152000      4.566462053e-08      25721.49609      35768.20312      24662.50586     -4112.787598     -134338.1719      3.336387873      3.336387873      17.38399696      5917.375977      193.5096893      2.474217892     -46380.84375      -2.42193532
     153000      4.710960511e-08      25853.16992      35536.38281      24698.35742     -4145.782227     -134932.7656      3.322910309      3.322910309      17.44511604      5955.266113      192.6243134      2.469333649      -47035.1875     -7.199105263
     154000      4.255166886e-08      26149.84766      35475.07422      24704.64258     -4059.054199     -134847.4219      3.313077211      3.313077211      17.52949142      5899.791504      192.4121246      2.491098881      -46678.4375      6.138049603
     155000      4.702845402e-08      26204.91406      35509.77734      24701.97461     -4060.868408     -134441.5312      3.315395832      3.315395832      17.65768623      5927.655273      194.0906372      2.478203773     -46159.03125      1.637504101
     156000      4.271680254e-08      26050.13477      35254.47266      24723.36133         -3942.25     -135533.2031      3.306740522      3.306740522      17.70615768      5899.733398      193.6085663      2.467282295       -47549.375      26.47696686
     157000       3.80584595e-08      25791.13086      35272.50781      24694.24023      -3973.35083     -134437.3906      3.300045729      3.300045729      17.75811195      5994.972168      193.3911896      2.483462095     -46658.59375      68.40740967
     158000      2.658361531e-08      26264.12109      35304.19922       24749.0293     -3994.131104     -133822.1406      3.298267126      3.298267126      17.76170349      5993.555176      193.2218628      2.480173588      -45502.6875      25.54206276
     159000      4.377617557e-08      25773.16406      35633.67188      24650.23828      -4037.89917     -134837.2656      3.292271614      3.292271614      17.77686691      5956.897461      192.6843872      2.475564241      -46864.1875      17.71710014
     160000      4.127532804e-08      25977.53711      35609.64844      24685.33594     -4081.575684     -135585.0469      3.291270971      3.291270971      17.82417297       5925.23584      193.0797119       2.46146965     -47471.21875       5.06172514
     161000        4.0703096e-08      25984.24023      35085.78906      24657.83789     -4114.373047     -135457.1719      3.282632828      3.282632828      17.87497139      5942.714844      192.6149445      2.504157066     -47900.46875     -10.64605808
     162000      2.939300714e-08      25715.18555      35747.46875      24650.58398     -4080.339111     -134800.3594      3.269429684      3.269429684      18.01752853      5943.978516      192.5924377      2.506555796     -46822.09375     -20.11728859
     163000      2.776170227e-08      26524.35352      35982.70703      24634.93164     -4148.133789     -135123.2812      3.259813309      3.259813309      18.17503929      5941.650879      193.1349182      2.490757465      -46191.4375     -67.06364441
     164000       4.85603131e-08      26218.02148      34900.30078        24608.875     -4072.168457      -135296.625      3.250979662      3.250979662      18.24345207      5909.046387      192.8126526      2.485225916     -47731.71875      6.835914612
     165000      4.947056809e-08      26022.65234      35324.60547      24716.89062     -4034.016602     -134346.0781      3.249534369      3.249534369      18.30981827      5923.375488      193.3420563      2.461742401       -46394.625      25.12471581
     166000      4.356004624e-08      26281.96875      34832.04297      24656.99805     -4061.732666     -134950.5469      3.250519753      3.250519753      18.34728241      5925.390137      193.8551636      2.492599249      -47314.3125     -3.659344435
     167000      3.645616076e-08      25733.13672      35794.53906      24770.45508     -3978.546631      -135419.625      3.242625237      3.242625237       18.3371315      5916.964844      192.8079529       2.51537776       -47185.625    -0.8710294366
     168000      2.866297422e-08      26315.95703      34955.01172      24687.13867     -4038.413574     -135082.3438      3.241785288      3.241785288      18.40133858       5942.71582      193.3828278      2.497117281     -47219.28125      6.676240444
     169000      3.730677989e-08      26178.15625      35194.00781      24732.63672      -4014.88501     -135660.4531      3.229846478      3.229846478      18.44128418      5926.310547      192.3777924      2.486241102     -47643.34375      9.286496162
     170000      2.045253744e-08      26136.76953      35555.85156      24740.26758     -4018.060547     -135177.1094      3.229657173      3.229657173       18.5357399      5936.575195      193.3404694      2.492166281     -46825.40625      0.791895628
     171000      2.741996852e-08      25702.35742      35022.40234      24752.96094     -4057.198242     -134664.6094       3.21868372       3.21868372      18.59457016      5962.265137      192.6383514      2.486218452     -47283.71875      29.24040794
     172000       5.42105667e-08      26282.87695      35302.12891      24851.94922      -3997.51416     -135342.5781      3.212243319      3.212243319      18.66690636      5914.192871      192.6146088      2.506861448     -46987.53125      17.04180145
     173000      3.729437026e-08      26520.85156      35045.11328      24762.94727      -4031.68457        -135124.5      3.201576471      3.201576471      18.72517586      5924.960449      191.9347687      2.479106903      -46903.1875      17.61220551
     174000      4.947284182e-08      25814.26562      35158.70312      24721.39844     -4019.380127     -135093.1719      3.200503826      3.200503826      18.81117058      5901.249023      192.6870575       2.47691083      -47517.8125      11.44897938
     175000      4.145081434e-08      25898.25781      35231.26562      24688.58203     -4038.807129     -135152.2031      3.194864035      3.194864035      18.92813873      5953.490723      193.2024689      2.492823839     -47420.03125      4.103228569
     176000      4.531211317e-08      26138.46484      35436.08203      24727.27344     -3997.915039     -134843.7188      3.189463854      3.189463854      18.93786049      5920.166504      192.6487885      2.478668928     -46616.78125      3.918521404
     177000      3.720344566e-08      26060.52344      35501.03125      24773.56445     -3983.040039     -135621.8906      3.188218355      3.188218355      18.95736504      5917.559082      192.6966248      2.489737749      -47350.8125      40.68427658
     178000      2.614997108e-08      26397.04883      35253.12891      24742.08398     -4001.171387          -134891      3.193073273      3.193073273      18.95796776       5938.55127      193.2900696      2.483767271     -46561.40625      24.46834564
     179000      4.121352859e-08      25661.02344      35916.40625      24760.04883     -3993.672363     -134787.5938       3.18848443       3.18848443      18.94307137      5941.692383      192.5834656      2.475487947      -46503.1875      20.51953125
     180000      2.956561929e-08       25862.2168      35534.68359      24726.03125     -4070.695801     -135111.6875      3.183477879      3.183477879      18.90397835      5906.228027       191.582962      2.466310978     -47152.59375      7.659520626
     181000      2.601681715e-08      25843.39844      35704.71484      24733.33789     -4035.557617     -134417.0625      3.194030046      3.194030046      18.98004723      5958.763672      193.6311798      2.458882332     -46217.28125     -2.939826965
     182000      5.274306147e-08      26074.45898      35110.69531      24696.26367      -4025.66626     -134984.6875      3.187663078      3.187663078      18.90912437       5947.33252      192.1393127      2.491430044     -47179.90625      24.72634125
     183000       4.33066063e-08      25820.77148      35529.76953      24769.06836     -4046.224121     -135153.0469      3.187105656      3.187105656      18.89946556      5902.619629      191.9740143      2.490381002     -47178.40625      -27.1054554
     184000      2.408336286e-08      26205.83203      35504.26953      24657.11328     -4091.240967     -135440.8594      3.182884932      3.182884932      18.98027611      5934.904297      192.2845459       2.48777771     -47228.34375      6.302163124
     185000      3.100159063e-08      26242.47461      35137.61719      24656.79102     -4109.294434     -134500.0156      3.186790705      3.186790705      19.09037209      5915.793945      193.8748474       2.50242281      -46654.6875       11.4750452
     186000      2.824714151e-08      26176.68164      35160.76953      24768.49219     -4107.402344     -134812.9688      3.177090883      3.177090883      19.11455154      5898.187988      192.9404907      2.489935875     -46916.46875     -43.77944565
     187000      4.369127282e-08      26340.05664      35902.66406      24650.08984     -4095.008057     -135510.9531      3.172612906      3.172612906      19.15719795       5931.20752      192.8262482      2.483066082      -46782.6875     -46.86683273
     188000      4.702831546e-08      25830.85156      34861.42578      24717.18555     -4035.859131     -134578.9375      3.172151327      3.172151327      19.17279053      5975.279785      192.9270477       2.48175931      -47230.6875      20.27442169
     189000      3.718002617e-08      26571.26758      35274.58203      24791.36914     -3994.652588     -135146.9531      3.169320583      3.169320583      19.18002701      5916.878906      192.6555634      2.463987112     -46587.65625      14.49883461
     190000      2.855260206e-08      25981.93555      35114.07812      24732.89648     -4012.223877     -134500.8438      3.165881157      3.165881157      19.25987625      5926.249023      193.0379486      2.499451876       -46760.125      13.73715878
     191000      3.998252041e-08      26169.56055      35354.46094      24714.42773     -4038.962402     -134677.3438      3.161913395      3.161913395      19.33547592      5921.158203      193.3102112       2.46624589     -46554.84375     -31.39543724
     192000      4.754504701e-08       25756.9668      34923.64062      24725.27148     -4092.163574     -135314.6562      3.155650854      3.155650854      19.31895447      5921.751953      192.3807068      2.486838102        -48077.75     -5.068542957
     193000      2.833074575e-08      26226.85156      35295.26953      24686.04102     -4014.828125     -134683.8438      3.159742832      3.159742832      19.38725471      5895.785645      193.5618591      2.469830513     -46592.90625     -5.503953457
     194000       2.85729822e-08      26287.16602      35471.00781      24704.72852     -4062.928955     -135018.2812      3.154003143      3.154003143      19.48607063      5939.285156      193.8422852       2.48455286     -46678.78125     -13.81551647
     195000       2.67269229e-08      26278.16406      35523.22656      24700.01172     -4042.852295     -134844.7656      3.141216755      3.141216755      19.54483414      5961.009766      192.8536224      2.488075495      -46424.5625       15.7883873
     196000      3.823243588e-08      26035.64258      35714.86328      24719.27148     -4098.540039     -134987.7344      3.139589787      3.139589787       19.6528511      5966.397949      193.7186279        2.4737463      -46649.5625     -46.57215881
     197000      2.660069498e-08      25872.58008      35026.33984      24627.47852     -4034.189941     -134394.6094      3.137646198      3.137646198      19.76540375      5936.328613      194.5869141      2.461326361     -46966.09375      31.28456116
     198000      4.207487336e-08       26105.3125      35299.47656      24726.82422     -3962.511475     -135237.3281      3.129500151      3.129500151      19.76040268      5933.300293      193.5288544      2.473730087        -47137.25      46.17181396
     199000       3.32331318e-08       26133.5918      35493.98047      24722.86133     -3903.591309       -134491.75      3.130895376      3.130895376       19.8036499      5955.271973      194.1253815      2.478060961      -46088.0625      27.27433586
     200000      3.335596688e-08      25809.32031      35337.14062      24727.46094     -3930.691162     -135570.3594      3.118196249      3.118196249      19.80934525      5904.149414      192.6091766      2.490667343       -47726.875      7.756457329
