   timestep             momentumAngleForceHarmonic3.potBondForceHarmonic2.potDihedralForceAmberCosine4.potLJCoulombPair5.potLJEwaldForce0.pot               Lx               Ly               Lz   PPPMForce1.pot           Volume      temperature  total_potential   total_pressure
          0      2.960469101e-05       26201.4707      44074.75781      5863.774902      23394.15234     -470750.2812      6.942989826      6.942989826      6.942989826     -56947.35547      334.6875916      2.483761311      -428153.125      44.67498779
       1000      2.678294031e-08      26234.28711      46828.19531      5790.101562      23210.16406      -467733.875      6.950221539      6.950221539      6.941040993     -56822.33203      335.2910156      2.502623558      -422495.875     -4.685039043
       2000      4.119038977e-08      26368.60547      46983.23047      5882.447266      23205.49414     -468435.1562      6.928411961      6.928411961      6.928071022     -56881.64062      332.5674438      2.492062092      -422882.375      20.43394279
       3000       2.58613202e-08      26253.88281      46437.07031       5878.23584      23412.19531     -468946.9062      6.924145699      6.924145699      6.943696976        -56948.25      332.9071655      2.459284782          -423903      14.03884697
       4000      3.817926952e-08      26558.86914      46700.12891      5800.182129      23184.27734       -469510.25      6.940000057      6.940000057      6.961304188     -56917.23047      335.2814636      2.484418154      -424180.875     -27.58971596
       5000      3.819399907e-08      26103.01758      46274.39062      5875.501465         23247.25     -467642.1875      6.919744968      6.919744968      6.945365429     -56893.69141      332.5640259      2.466628313     -423033.9375      5.247579575
       6000      2.695074741e-08      26217.23047      46308.59375      5852.111816      23207.85742     -466945.1562      6.918904305      6.918904305      6.950546741     -56840.78125      332.7312622      2.491309404     -422191.5625      17.95090866
       7000      3.368939971e-08      26350.30664      46990.78125      5720.681641      23094.86719     -467786.3125      6.924484253      6.924484253      6.960669041     -56802.79688      333.7535095      2.477013588          -422422     -25.58898735
       8000      3.554752936e-08      26123.85352      46525.28906      5833.085449      23456.17578      -467607.375      6.927492142      6.927492142       6.94416666     -56946.71875      333.2515869      2.465412378     -422613.1875     -1.602979064
       9000      3.365894941e-08      25748.46875      47005.73438      5835.387207      23290.69141     -467646.1875      6.946014404      6.946014404      6.920762539     -56768.95703      333.9068298       2.46623826      -422538.875     -22.54057884
      10000      3.547236105e-08      25620.56641      46180.61719      5848.619141      23203.25195     -467458.6875      6.961976528      6.961976528      6.894787312     -56811.35156      334.1842346       2.48444128          -423416      3.139010429
      11000      3.672472459e-08      26254.72656      46229.53125      5722.244629      23096.80273     -467708.0938      6.961807251      6.961807251      6.871544838     -56756.73828      333.0415039      2.469835997      -423167.375     -15.07765293
      12000      3.326416831e-08      26063.32812      45718.75781      5801.467285      23085.82617     -467101.7812       6.96773243       6.96773243      6.862468243     -56756.82422      333.1679993      2.489696741      -423186.875      19.33603668
      13000      4.658491903e-08      26185.49219      46573.41016      5751.264648      23268.28516     -467748.1875      6.974022865      6.974022865      6.866026402     -56890.64062      333.9428711      2.488652468      -422867.875     -48.93213654
      14000      3.028219098e-08      26373.36914      46251.22656        5846.3125      23223.70508      -467798.125      6.960891247      6.960891247      6.845107555     -56873.21094      331.6728821        2.4441607     -422971.6875     -34.71551514
      15000      1.636429658e-08      26073.59766      45647.18359      5766.001953      23371.98047     -466658.1562      6.975205898      6.975205898      6.852977753     -56825.31641      333.4213257      2.485594988          -422610     -13.60715008
      16000      5.931251224e-08      25402.71875      45769.92578       5729.78125      23240.60547     -467158.1875      6.965252399      6.965252399      6.875090122     -56770.73438      333.5432129      2.453840733        -423795.5      6.365859032
      17000      4.131868536e-08      26127.06055      46063.22656      5831.467285      23097.44531     -466289.3125      6.964225292      6.964225292      6.896715164     -56767.98047      334.4936829      2.471051455      -421947.875      3.450714588
      18000      4.734608794e-08      26117.23633      46180.35938      5854.051758      23176.08594     -466517.0625      6.955406189      6.955406189      6.892509937     -56869.71875      333.4436035      2.503674507       -422047.75       24.9394455
      19000      4.784257968e-08      26574.04492      45515.57031       5951.70166      23197.24023      -467788.875      6.953742027      6.953742027      6.909488678     -56798.55078      334.1050415      2.492340088      -423344.375     -12.12275505
      20000      4.114171404e-08      25873.20703      45612.91406       5867.53418      23143.67578     -466031.8438      6.963572025      6.963572025      6.927195549     -56795.00391      335.9089661      2.462172508      -422325.625     0.7089439631
      21000      2.424745915e-08      26167.25586      45829.05078      5795.210938      23324.52148     -467052.0625      6.961523056      6.961523056      6.901732445     -56855.37109      334.4772949      2.462207794     -422788.4375      -34.0776825
      22000      4.083551275e-08      26047.74414        45548.625      5827.507812        23284.625     -465530.5625      6.973884583      6.973884583      6.875371456     -56795.67188      334.3841553      2.475607634        -421608.5       11.6525774
      23000      2.970907431e-08      25851.97852      45646.27734      5760.495605      23428.95508     -465871.4062      6.992986202      6.992986202      6.855101585     -56806.60938      335.2271729      2.476598501       -421976.25    -0.0763707906
      24000      4.317148594e-08      25984.52539        45913.875      5763.713867      22909.46289     -467244.5312      6.987926006      6.987926006      6.863334179     -56788.49609      335.1442261      2.464230537     -423465.3125     -26.03256607
      25000      2.511603903e-08      25967.17773      46255.20312      5895.775879      23045.70117     -467364.5938      6.963649273      6.963649273      6.851952076     -56833.72656      332.2677002      2.478906155      -423031.875     -17.95417976
      26000      4.300952483e-08       25922.3418      45703.10938       5802.42627      23157.52734     -465759.9688      6.977526188      6.977526188      6.859797478     -56742.17578      333.9752197      2.500462294     -421911.9375      1.517983198
      27000      3.780780844e-08      25831.45117        45784.875      5826.289551       23357.5293     -466047.5625      6.984701633      6.984701633      6.866523266     -56868.98047      334.9906006      2.502827406        -422119.5      1.786547422
      28000      4.180202851e-08      25205.80859      46634.67969      5819.079102      23254.87695     -466413.9688      6.966378212      6.966378212      6.872148991     -56809.83203      333.5083313      2.459609985      -422297.625     -11.41526508
      29000       4.02477518e-08      26268.58398      45385.48047      5834.858398      23469.37891     -465458.9062      6.953024387      6.953024387      6.899330616      -56929.1875      333.5450134       2.47092557       -421431.25      49.45319748
      30000      4.831541034e-08      26046.34766      45344.44922      5803.824219      23295.18945     -465712.8438      6.942704201      6.942704201      6.936058044     -56830.96094      334.3259277      2.491123199          -422053      35.71643066
      31000      4.210975746e-08      25949.29883      45218.59766      5817.052734      23278.20312     -466083.5938      6.930213451      6.930213451      6.957594395     -56817.74219      334.1583557      2.473901033      -422626.625      15.49328613
      32000      3.321024877e-08      26390.22461      45422.10938      5771.409668       23159.1543     -465230.9375      6.940318108      6.940318108      6.953692913     -56787.48828      334.9455872      2.479514599      -421278.125     0.2717092633
      33000      3.613121535e-08      26281.91992      44891.41016      5905.255371      23259.49414     -466271.8438      6.932747841      6.932747841      6.931592941     -56866.01562      333.1531067      2.466039181      -422792.375     -2.516063452
      34000      3.416818828e-08      26032.50586      45397.28125      5809.472168       23224.6875     -466457.7812      6.928507805      6.928507805      6.946716309     -56731.87109      333.4716797      2.472195148      -422733.125      3.961332321
      35000      3.534718829e-08      26127.09375      45301.03906      5793.471191      23108.19727     -464406.2188      6.929133415      6.929133415      6.982968807     -56765.22266       335.272522      2.470422029      -420845.375      9.626776695
      36000      2.100486185e-08      25158.05078        45709.125      5832.397461         23233.75     -464978.5312      6.903712749      6.903712749      7.012907505     -56842.60547      334.2439575      2.491288662     -421874.6875      10.24057865
      37000      3.013155592e-08      25962.81836      45976.71094      5803.362305      23192.83789     -465243.5625      6.877616882      6.877616882      7.071381569     -56813.19922      334.4877625      2.462211609     -421121.5625     -4.155444622
      38000      3.495319589e-08      25798.18164          45549.5      5778.314453      23142.76758     -466083.7188      6.852780342      6.852780342      7.119112015     -56785.57422       334.317749       2.47634697      -422596.375      1.831528544
      39000       3.31060761e-08      26185.28516      45298.53125      5897.132324      23203.46484     -465649.3125      6.838077068      6.838077068      7.152662277     -56756.83984      334.4534607      2.484501839       -421830.25      12.89776802
      40000      5.212531562e-08      26045.25195      45524.29688       5889.10498      23278.53711     -465754.5938       6.81497097       6.81497097      7.172445297     -56881.18359      333.1158142      2.499570131     -421887.8125      10.29036427
      41000      4.461840675e-08      25857.86719      45351.71484      5821.583008      23215.44727     -466109.7188      6.804999828      6.804999828      7.208765984     -56846.64844         333.8237      2.473467827      -422700.125     -14.10620213
      42000      3.981099539e-08      25398.29102      45296.32422      5858.858398      22987.02344     -465191.0625      6.789479256      6.789479256      7.229011536     -56720.64453      333.2359314      2.459296227      -422377.375     -5.449146748
      43000      2.128092191e-08      25439.94727      45706.65625       5841.07959      23097.19727      -465221.625      6.781582832      6.781582832      7.251756668     -56842.07422      333.5072937      2.475231409     -421972.9375     -5.120882034
      44000        3.8335493e-08      25925.49805      45269.28516       5861.30127      23235.73633     -464842.4062      6.778883934      6.778883934      7.262322426     -56854.39844      333.7274475      2.486103535     -421392.6875      1.528497577
      45000      4.448923008e-08      25816.56836      44813.53125      5960.846191       23278.3457     -465183.3438      6.781633854      6.781633854      7.263289452     -56764.08594      334.0427246      2.465160608      -422072.875     -12.69071865
      46000      3.299993878e-08       26042.9082      45458.60938      5780.810059      23289.16992     -465203.8125      6.788165569      6.788165569      7.280830383     -56820.15625      335.4947815      2.453236341     -421448.3125     -42.22362137
      47000      3.929032744e-08      25893.12891      45226.60156      5757.479492       23102.7168     -465635.3438       6.76843977       6.76843977      7.261622906     -56854.09766      332.6678467      2.495622635      -422504.375      8.649675369
      48000       4.36962857e-08      25999.91602      45484.42969      5814.941895      23115.18164     -464663.9688      6.779349804      6.779349804      7.270244122     -56719.03125      334.1373901      2.503360033     -420961.6875      10.27975845
      49000      4.439042556e-08      26093.54492      45013.84375      5778.777344      23336.29297     -464277.6875      6.784851074      6.784851074      7.254901409     -56767.73438      333.9736023      2.508193731       -420829.25      53.72557068
      50000        3.7578328e-08      25701.97852      44395.04297      5793.124512      23058.92578     -464208.4062      6.794870377      6.794870377      7.238945007     -56755.41016       334.223999      2.476011038     -422029.1875      28.81289482
      51000      5.139793657e-08      25695.56445      44973.75391      5789.890137      23102.54297     -464709.0312       6.81182003       6.81182003      7.233178139     -56816.62109      335.6259155      2.445222139      -421964.875     -29.20469284
      52000      5.295162353e-08       25368.6543      45408.42969       5834.51416      23049.26758     -464510.5625      6.809758663      6.809758663      7.185830593     -56789.71094      333.2271729       2.49521327      -421628.625     -12.37767696
      53000      6.065810254e-08      25877.20117      45213.88672      5806.417969      23136.00781      -464687.875      6.826912403      6.826912403      7.167407513     -56720.94922      334.0494385      2.483926535     -421384.0625      2.958277464
      54000      5.678952064e-08      25866.56641      45104.64453      5826.888184      23143.96875     -465292.3125      6.835613728      6.835613728      7.141038895     -56776.74609      333.6694336      2.483340502     -422115.9375     -19.96640587
      55000      3.297545348e-08      25912.76758      45554.00391       5789.57959      23228.66406     -464877.4062        6.8467803        6.8467803      7.120026588     -56755.76172      333.7754517      2.487760782        -421136.5      1.979320049
      56000      3.498951529e-08      25960.87695      45653.74609      5808.687988      23040.10352      -464856.375      6.864933491      6.864933491      7.106859207     -56675.73047      334.9271545      2.479794502      -421066.875      1.240218401
      57000      3.474625387e-08      26385.48633      45470.89453      5808.062988       22989.0332        -464267.5      6.866085052      6.866085052      7.095484257     -56710.07812      334.5032959      2.484204531      -420333.875     -6.973656178
      58000      2.854100067e-08       26292.8457      45407.09766      5828.458008      23049.87305     -465020.8438       6.86763382       6.86763382      7.102249146     -56804.55469      334.9732666      2.475526333       -421246.25     -5.819284439
      59000      2.483563577e-08      26441.37305      44988.02734      5910.922363      23069.83398     -465440.3125      6.866567135      6.866567135      7.098489761     -56798.20312      334.6919861      2.460310459       -421812.25     -1.897383571
      60000      3.026028494e-08      25949.87109      44670.99609      5797.592773      23254.59766     -464304.4688      6.878163815      6.878163815      7.098956585     -56815.60938        335.84552      2.479279757     -421450.8125       11.6245079
      61000      3.707261698e-08      25693.86328      45132.42578      5807.663574      23087.26172     -464470.6875      6.876728058      6.876728058      7.082839012     -56814.17969      334.9431458      2.503724337     -421569.3125     -12.57272625
      62000      4.602604164e-08      25773.50977      44829.51172      5781.929688      23265.84961     -464455.8438      6.869654655      6.869654655      7.074972153     -56774.51953      333.8831787      2.475008726     -421578.0625       18.9819622
      63000      2.834955914e-08      25532.08984        44191.625      5937.034668      23152.55078     -464025.6562      6.868816376      6.868816376       7.07959938     -56769.08203      334.0200195      2.443726301     -421976.4375      42.68045044
      64000      3.571025076e-08      26484.46094       44552.9375      5766.806152      23169.93359     -464244.0938      6.873830795      6.873830795      7.088659763     -56823.19141      334.9359741      2.483391762      -421094.375      7.325817108
      65000       3.63058632e-08      25898.64648      45133.47656      5852.546387      23304.25391     -464584.1875      6.856119633      6.856119633       7.08554697     -56865.31641      333.0658875      2.454154253       -421254.75      1.995640159
      66000       1.82139992e-08       26406.2832      45033.02734      5846.509277      23338.41797     -464167.2812      6.862283707      6.862283707      7.096026421     -56826.89062      334.1585388      2.454521894      -420363.625     -3.732018948
      67000      3.247473046e-08      26041.10742      45253.73438       5812.69873       23255.2793     -464418.6875      6.882007122      6.882007122      7.094807625     -56716.28906      336.0244446      2.476929188        -420747.5     -8.993835449
      68000      4.072840198e-08      25508.37891      45052.89844      5874.525879      23210.71484     -463782.5938      6.868643761      6.868643761      7.089223862     -56858.13672      334.4573059      2.481805325      -420993.625     -6.783960819
      69000      3.164446483e-08      25616.53906      45594.50391      5840.325684      23159.68164     -464592.8438      6.872575283      6.872575283      7.088841915     -56748.26172      334.8222656      2.486069441     -421127.5625     -30.45363426
      70000      4.017135069e-08      25962.88477      45483.02344      5880.280762      23235.13867      -463766.375      6.889153004      6.889153004       7.08394289     -56771.09766      336.2069702      2.494240999      -419966.375     -12.28458786
      71000      4.010696486e-08      26109.45312      44608.46875      5814.416504      23260.48047       -464332.75      6.890762329      6.890762329      7.063053131     -56824.98828      335.3721619      2.468367338     -421353.8125      31.44382286
      72000      5.900685451e-08      26424.18359      44580.08984      5788.056641      23351.58398     -464680.5625       6.89128685       6.89128685      7.054968834     -56887.27734      335.0393066      2.472397566      -421416.875     -21.36696625
      73000      2.937092169e-08      26384.04688      44804.89453      5822.507324      23476.44141     -463746.0625       6.89647007       6.89647007      7.050257206     -56866.45312       335.319397      2.478734493      -420121.375     -5.164316177
      74000      3.920861857e-08      25878.76367      45289.51562       5959.92627      23144.03125     -464024.8438      6.909142017      6.909142017      7.042513847     -56809.10156      336.1831665      2.481181622      -420554.375     -11.94331264
      75000       4.30222471e-08      25856.97656      44743.27734      5815.217285      23145.59375     -464683.8125      6.899465561      6.899465561      7.020818233     -56773.08594      334.2093811      2.469595432        -421896.5      2.968362808
      76000       3.14581392e-08      25751.33789      45294.23047      5828.346191      23106.93359     -463414.4688      6.903494835      6.903494835      7.027750969     -56789.98438      334.9302368      2.486991167      -420220.375      9.357499123
      77000      1.960413165e-08      25477.81055      44507.77734      5937.038574       23171.9668     -464301.7188      6.910751343      6.910751343      7.012135029     -56790.42969      334.8889465      2.494021416     -421986.8125      6.938983917
      78000      4.197357129e-08      25614.05078      43972.70312      5868.234863       23184.3125     -462786.5312       6.90695715       6.90695715      6.994403362     -56749.17578       333.675415      2.473309755       -420892.75       39.9444809
      79000      4.891508354e-08      25841.43164      44303.26172      5955.515625      23107.72266     -463995.4062      6.919757366      6.919757366      6.995657921     -56752.99219      334.9733887      2.493755579     -421531.0625      4.948200703
      80000      4.336202863e-08      25752.89062      44767.08984      5858.966309      22927.05664     -463669.2188       6.92784977       6.92784977      6.996047974     -56687.75391      335.7760315      2.469883919     -421056.3125      9.271781921
      81000      3.017746408e-08      25732.51367      44806.03906      5844.331055      22972.36719      -463576.125      6.926229954      6.926229954      6.999094486     -56761.38281      335.7651672      2.483447313       -420972.75     -44.17210388
      82000      4.680332921e-08      25642.85156      44076.77734      5793.020996      23424.48438     -462897.4062      6.902217865      6.902217865      6.999781609     -56837.88672       333.473877      2.461207151     -420792.0625      14.72798634
      83000      3.181199304e-08      25384.98633      44464.65234      5901.467285      23108.32812     -463553.5625      6.906625748      6.906625748      6.992511749       -56724.875      333.5531616      2.480728388       -421420.75      27.73819923
      84000      2.573363211e-08      25910.12305      44540.04297      5861.272461       23032.5918     -463463.9375      6.927985668      6.927985668      6.998875618     -56711.97656      335.9249268      2.491319895          -420823     -4.940021992
      85000      4.763118611e-08      25994.18555      44808.34766      5969.050781      23192.57031     -463880.0312       6.93410635       6.93410635      6.987567902     -56780.99219      335.9750366      2.477128029     -420700.0625     -29.12446785
      86000       3.89625967e-08      26039.28906      44891.52734      5905.334473      23436.94336     -464375.8438       6.93833065       6.93833065      6.958755016     -56859.23438       334.997467      2.469920158          -420946     -4.800806046
      87000      2.907567165e-08      25435.53906      44270.31641      5841.019531      23496.87695     -463359.9375      6.948660851      6.948660851      6.940339088        -56832.25      335.1065369      2.468845844       -421145.75      1.921543717
      88000      2.030810187e-08      26277.77344      44751.91797      5814.298828      23294.51367      -464480.375      6.949260235      6.949260235      6.921239376     -56797.02734      334.2420044       2.49145627     -421131.6875      -15.6714201
      89000       4.12975929e-08      25939.07617      44737.98047      5877.697266      23180.93945     -463657.6875       6.95634222       6.95634222      6.914014816     -56771.32812      334.5740051      2.481503725      -420701.875     -15.01080894
      90000      3.433638085e-08        26089.625       44210.4375      5908.615234      23064.02539     -464684.1875      6.977718353      6.977718353      6.904625893     -56784.11719       336.176239      2.479504108     -422174.5625      -18.9090271
      91000       2.67804996e-08      25566.89258      44333.74609      5824.116211      23194.08203     -463350.4062      6.976985455      6.976985455      6.903108597     -56798.55469      336.0317688      2.478409529       -421227.75     -12.76044178
      92000      3.555127392e-08      25919.41992      45024.51953      5781.734863      23282.86133     -463687.6562      6.966975689      6.966975689      6.900550365      -56770.8125      334.9440918       2.49716258          -420455     -6.553495884
      93000      3.317297725e-08       26317.6543      45180.70312      5903.241211      23197.97656     -464301.2812      6.970067978      6.970067978      6.919744015     -56810.79297      336.1739502      2.471108198      -420500.875      -30.8220253
      94000       2.73666263e-08      25953.58789      44266.01953      5821.324219      23156.28516     -464326.9688       6.96286869       6.96286869      6.929748058     -56721.37891      335.9648743      2.482255459      -421858.875      10.56502247
      95000      3.884259669e-08      25783.17773      44597.24219      5771.304688      23346.08008     -464631.4688      6.960040092      6.960040092      6.945934296     -56779.83594      336.4760437       2.47893858      -421910.875      2.915512085
      96000      3.781648417e-08      25866.21094      44785.41016      5821.657227       23252.7793        -463241.5       6.94600296       6.94600296      6.975549221     -56776.51172      336.5490112      2.467820406          -420283      3.057945013
      97000      3.066266174e-08      26049.99023      44140.16797      5880.887695      23241.39453     -463822.5938      6.927946568      6.927946568      6.976316452     -56746.35156      334.8383789      2.474720716       -421261.25      20.57062721
      98000      3.805871884e-08      26256.06055      44702.79297      5804.652344       23157.4082     -463983.4062      6.932990551      6.932990551       6.97004509     -56749.52734      335.0246582      2.471473932     -420807.0625       20.6598835
      99000      2.573342073e-08       25761.7207      44903.32031      5830.794434      23097.35547     -463805.5938      6.933177948      6.933177948      6.954338074     -56807.42969      334.2877808      2.464141369      -421013.375      18.15732956
     100000      3.537421023e-08      25612.68359      44659.51953      5855.466797       23526.7832     -465210.1875      6.939622879      6.939622879      6.970447063     -56811.17188      335.6853638      2.486950636      -422367.375      24.73765945
     101000      2.819463774e-08      26244.78125      44715.19141      5868.904785       23072.0625     -463633.8438      6.946063995      6.946063995      6.980370045     -56823.20312      336.7875366      2.480967045     -420550.3125      15.64230347
     102000      4.375570839e-08      26025.42773      45050.35938      5911.229004      23229.58398      -464483.625      6.918319225      6.918319225      6.972105503     -56773.02344      333.7068481      2.475004673      -421045.625       1.00314939
     103000      2.720426906e-08      25749.29102      44671.23047      5936.755371      23352.66211      -463972.875      6.925676823      6.925676823      6.991137981     -56843.07812      335.3299255      2.489409208     -421099.5625     -4.654254913
     104000      3.259517101e-08      25887.23047      45176.84766      5816.598145      23020.63086      -464265.125      6.917342186      6.917342186      6.993107319     -56821.14844      334.6175537      2.470150471     -421176.3125     -19.72307587
     105000      4.917935215e-08      26026.55469      45061.10156       5827.32666      23222.80664     -463563.4062      6.928979874      6.928979874      6.999961853     -56813.47266      336.0734863      2.484519482      -420247.375     -10.88670921
     106000       4.11298231e-08      25930.72656      44519.29297      5801.962402      23429.58789     -464822.4375      6.923654079      6.923654079      6.974190235     -56906.35156      334.3216553      2.468642712      -422036.375     -16.51550865
     107000       3.38276287e-08      26597.99219      44066.16797      5830.083008      23374.42969     -464599.1875      6.924594879      6.924594879      6.969837666     -56833.33594      334.2038269      2.476964951       -421564.75      9.968607903
     108000      1.879687161e-08      26646.36719      44981.96484      5818.744141      23123.25195     -464441.5938      6.923623562      6.923623562      6.986045837     -56811.09375      334.8870239      2.469992876      -420672.375      -34.4093895
     109000       2.29310082e-08      26466.42773      44995.87891      5886.772949      23124.92188          -465416      6.922280312      6.922280312       6.99221611     -56802.65625      335.0527649      2.478713751      -421733.875     -32.31783295
     110000      3.341570576e-08      26638.07812      44193.21484       5900.15625      23109.38672      -464743.875      6.923948765      6.923948765      6.995426178     -56864.46094      335.3681946      2.456900597     -421760.0625    -0.4692370594
     111000      4.572574497e-08      26262.01758        43879.625       5873.02002      23304.53711     -463767.9375      6.929162025      6.929162025       6.98279953     -56814.50391      335.2671509      2.480548859     -421262.3125       29.3115139
     112000       3.26202283e-08      26599.46484      44221.64844      5779.389648       23018.5918     -464130.1562      6.938310146      6.938310146      6.968005657     -56768.55859      335.4408264      2.473818541       -421277.75      5.187250614
     113000      3.492319678e-08      26202.33594      44547.35938      5841.330078      23401.04297      -465377.125        6.9440341        6.9440341      6.950129032     -56823.24219      335.1325073      2.483497858      -422216.625     -13.95488167
     114000      3.726524511e-08      26199.25977      44606.49219      5875.700684      23212.70508        -463607.5      6.947253227      6.947253227      6.924060822     -56758.96875      334.1851501       2.47446084      -420474.375      -1.42665112
     115000      2.562199519e-08      25725.84375      44746.47266      5832.277832      23223.00195     -463615.0312      6.959946632      6.959946632      6.924870491     -56690.88672      335.4466553      2.464802742      -420780.625     -10.45196915
     116000      2.444115133e-08      25870.31641      44930.63672      5878.642578      23122.95117     -464664.7812      6.956240177      6.956240177       6.92461586     -56694.10547       335.077179       2.46866703        -421547.5     -34.79270935
     117000      2.885596828e-08      25925.19531      44360.69531       5865.66748      23133.91602     -463060.2812      6.950598717      6.950598717      6.920929909     -56719.52344      334.3558044      2.488219023      -420490.125      3.197777033
     118000      5.169439277e-08      25773.98242      44491.11328      5916.183594      23339.41992     -463398.4688      6.956766605      6.956766605      6.927716732     -56874.28516      335.2779541       2.48301053      -420739.625      5.405286789
     119000      3.910441393e-08      25887.25781      44649.59375      5890.183594       23225.6875     -464336.8438      6.961183548      6.961183548      6.923019409     -56811.41797      335.4761963      2.481729507       -421493.25     -20.09638596
     120000      2.513959885e-08      26041.86719      44534.38672      5991.747559      23259.68359     -464883.4688      6.973273277      6.973273277      6.910942078     -56852.31641      336.0552063      2.488541842     -421904.1875      -10.3735981
     121000      2.769593088e-08      25948.73242      44361.90234      5897.850586      23332.53125     -464027.4375      6.974029541      6.974029541      6.904167652     -56753.91406      335.7986145      2.472858191      -421243.875      2.252117157
     122000      2.690585887e-08      26221.51367      44618.62109      5920.896973      23181.59961      -465309.125      6.963021755      6.963021755      6.898591518     -56813.32422      334.4690552      2.471101284     -422165.4375     -25.37211609
     123000      4.247626961e-08      25714.80078      44389.99609      5871.883789      23133.15625     -463721.1562      6.968586445      6.968586445      6.915016651     -56882.25781      335.8014832      2.486032248     -421492.0625     -17.18714523
     124000      2.427451484e-08      25782.33594      44370.97266       5922.93457      23133.33789     -464313.2188      6.954625607      6.954625607      6.934643269     -56756.64453      335.4066162      2.473978519     -421851.4375      15.04561329
     125000      3.946750127e-08      26186.13867      45172.98047      5945.271484      22953.38281     -464293.4062      6.943798065      6.943798065      6.953863621     -56754.88281      335.2897949      2.473659515          -420795      -28.5788002
     126000      2.629250417e-08      26264.37305      44185.14844      5920.128906      22955.86719     -464388.7812      6.942814827      6.942814827      6.957371712     -56753.29297      335.3639526      2.488208532       -421808.75     -7.809006691
     127000      1.216468259e-08      26201.07031      44511.69141      5819.035156      23211.24023          -466061       6.93647337       6.93647337       6.93645525     -56843.69531      333.7452087      2.474806786     -423157.6875      20.88506126
     128000      1.559139129e-08      25925.98047      44660.84375      5887.064453      23142.70312     -464553.7188       6.94374752       6.94374752      6.928868294     -56825.51562      334.0797424      2.482759953      -421757.875      34.56806946
     129000       4.67073491e-08      25968.61523       44139.3125      5922.243164      23415.28906     -464059.3438      6.963757992      6.963757992      6.926255226      -56826.0625      335.8813171      2.495937586       -421444.75      14.64198303
     130000      3.212714006e-08      26031.63672       44788.0625      5884.426758      23132.57031       -464992.75      6.952809811      6.952809811      6.903391361     -56793.88672      333.7207336      2.476956129      -421943.375      10.81658459
     131000      4.374503959e-08      26491.66797      44821.96875      5866.272461      23162.37695      -464325.625      6.960677147      6.960677147      6.912970066     -56751.00781      334.9404907      2.479338646     -420738.5625     -9.807922363
     132000      4.459130665e-08      25657.20508      44548.84766      5823.868164       23326.5625     -464456.5312      6.973478317      6.973478317      6.907476425     -56845.58203      335.9064331      2.468898535     -421945.5625     -6.917336941
     133000      2.453746717e-08      25588.05859      44475.85547      5987.559082      23084.99219     -464370.8125      6.964359283      6.964359283      6.881160736     -56648.48047      333.7521362      2.482267618     -421883.9375      16.13032722
     134000       2.30050432e-08      26472.24219      44452.67969      5911.111328      23232.14648     -463724.9062      6.971628666      6.971628666      6.900721073     -56824.20703      335.3999329      2.491896868     -420465.6875      15.27325344
     135000      3.738460563e-08      26443.55664      44927.89062      5941.393555      22991.70703       -464701.75      6.956295967      6.956295967      6.926718235     -56815.79688      335.1842651      2.472421646     -421225.4375       -3.3956604
     136000      3.523451753e-08      26030.94141      44820.11719      5846.001953      23283.72656     -465007.8125      6.951331615      6.951331615      6.951214314     -56794.11719      335.8897095      2.480748177     -421822.0625     -26.55010223
     137000      3.995195641e-08      25802.48438      44668.96875      5879.419434      23029.45508     -464605.1875      6.939834118      6.939834118      6.977649689     -56681.61328      336.0526428      2.474211931      -421912.625      7.862398148
     138000      3.240281288e-08      26153.09961      44297.92578      5907.234375      23156.05859          -464387      6.926240921      6.926240921      6.978382111     -56831.67188      334.7726135      2.474519968      -421696.625     -2.662511587
     139000      3.965079998e-08       26600.5293      44427.69922       5886.77002      23266.83789     -463646.4062       6.92372942       6.92372942      6.972841263     -56827.70312      334.2642822      2.475100279     -420289.6875      40.65072632
     140000      4.658629749e-08      26241.62891      44778.07031      5869.175293      23351.09766      -463898.375      6.919646263      6.919646263      7.006884575       -56790.375      335.5001831      2.490207911      -420441.875     -7.294053555
     141000      4.835402478e-08      26531.42188      44477.25391      5914.157227      23133.23828     -463960.7812      6.910845757      6.910845757      7.017828941     -56852.05859      335.1700134      2.462273598       -420753.25     -10.89165115
     142000      5.095338551e-08      25820.75586      44562.01172      5869.539062      23343.35742     -464767.5625      6.895906925      6.895906925       7.01009798     -56849.82422      333.3549194      2.464712143     -422024.0625      9.983822823
     143000      4.116152041e-08      26449.16211       45430.8125      5836.521484      23236.38086       -463955.25      6.915828705      6.915828705      7.029399395      -56833.9375      336.2069397      2.481038809      -419828.625     -20.90804482
     144000       2.78256671e-08      26113.26367      44476.48828      5929.080566       23242.6543      -464321.625      6.907208443      6.907208443      7.029898643     -56806.29688       335.393158      2.495822668      -421352.125      11.47258949
     145000       3.82803016e-08       25685.4668      44724.49609      5895.471191      23345.41016     -465444.9375      6.892953396      6.892953396      7.047510624     -56903.25781      334.8470154       2.49698329        -422686.5     -5.704097271
     146000      3.133753523e-08      25862.96289      44609.85547      5856.930176      23257.58398      -463079.125      6.892054558      6.892054558      7.069962978     -56785.77734      335.8261719      2.464596272      -420263.875     -10.09743881
     147000      2.440511793e-08      26110.42969      44616.07031      5873.687012      23262.76953     -464283.6562      6.888005733      6.888005733      7.060462952     -56786.43359      334.9809875      2.483668566      -421210.875      20.81641006
     148000      3.561004291e-08       25963.8418      44559.44141      5868.853516       23272.9668     -463777.0312      6.893126488      6.893126488      7.047417641     -56899.95703      334.8594055      2.487508059      -420998.125      11.73136997
     149000      3.397733295e-08       25638.2832      44517.36328      5888.524902      23337.35352      -464486.625      6.886095524      6.886095524       7.06098032     -56726.28906      334.8197632      2.493381977     -421831.3125      24.61881828
     150000      4.410846444e-08      26405.51758        44949.125      5843.597656      23109.41992     -465441.3125      6.882326603      6.882326603      7.090173244     -56866.03906      335.8361206      2.470258713     -421993.4375     -11.41034985
     151000      2.867850313e-08      25862.79102      44970.03516      5939.226074      23315.91406      -464368.875      6.875535965      6.875535965      7.112487316     -56816.14062      336.2285767      2.496291876        -421086.5     -11.61026573
     152000      4.079292637e-08      26041.08789      44773.32031      5912.181152      23133.96484     -464739.7188      6.850184917      6.850184917      7.120840549     -56818.49219      334.1456909      2.484032393       -421693.25      3.277317762
     153000      2.715344927e-08      25881.49219      44962.77344      5911.286621      23281.89844     -463638.5938      6.851300716      6.851300716      7.148992538     -56901.20312      335.5760193      2.489030838     -420493.8125      -17.5446701
     154000      3.050574549e-08      25592.32617      45160.91406      5871.946777      23338.97266     -464253.2188      6.850013256      6.850013256      7.132998466     -56776.85156      334.6994019      2.457620144      -421073.875     -24.57176781
     155000      4.003205945e-08      25837.15234      44821.70703      5916.583984      23306.61133     -463687.4375      6.849027634      6.849027634       7.12291193     -56798.23828      334.1299438      2.473172188      -420600.625      4.148718357
     156000      4.371499074e-08      26021.85352      44877.19922      5950.174316      23178.11719     -464193.6875      6.856033802      6.856033802      7.126928806     -56843.46094      335.0027161      2.475184679       -420995.75     -11.12591267
     157000      3.505410362e-08      25385.66602      44646.51953      5906.510742      23248.37891      -463921.375      6.864334583      6.864334583       7.13210392     -56674.64062      336.0582581      2.464568615     -421408.8125     -18.10628319
     158000      3.584759867e-08      25526.93359      44627.57812      5872.909668      23428.61914      -464234.625      6.869104862      6.869104862      7.106129646     -56785.45312      335.2998962      2.489434958      -421561.875      19.59696198
     159000      2.189801229e-08      25989.91211      45077.41016        5925.9375      23241.26172     -463725.9062      6.883307934      6.883307934      7.101455688     -56716.10938      336.4664612        2.4803617     -420205.4375      6.133876801
     160000      2.073340255e-08      26301.73438      44589.82422      5935.402832      23206.59375        -464229.5      6.869809151      6.869809151      7.105386257     -56766.11719      335.3335876      2.469361067        -420954.5      8.243494034
     161000      4.407229426e-08      25801.18164      44922.16406      5821.404785      23249.27344     -464074.7812      6.865705013      6.865705013      7.106384277     -56842.53516       334.980072      2.489432335      -421125.375     -23.22426033
     162000      3.813848082e-08      26015.50586      45258.11328      5878.333008      23251.08984     -464137.7812      6.862790108      6.862790108      7.114157677     -56783.57812      335.0617981      2.451264143      -420511.375     -23.16062927
     163000      4.238455986e-08      25779.42383      44476.83984      5919.181641      23240.82812     -462782.7188      6.869778156      6.869778156      7.129205704      -56763.9375      336.4546814       2.47032094     -420124.9375     -9.682163239
     164000      3.695859974e-08      25921.44727      44499.45703      5781.397461      23080.16797      -465241.625      6.860641479      6.860641479      7.116344452     -56778.62109      334.9549561      2.486755371      -422737.875     -8.129311562
     165000      3.152912242e-08      25554.36719      44901.99219       5790.38623      23190.02148     -462200.5625      6.858223915      6.858223915      7.127532482     -56731.69531      335.2451782      2.480065107     -419489.4375      13.84642029
     166000      2.782212682e-08      25692.87695      44615.77344      5810.849121      23335.94141       -463261.75      6.856239319      6.856239319      7.141295433     -56706.09766      335.6981506      2.480721951     -420502.9375      4.697975159
     167000      5.398013059e-08      25653.36328      44665.35156      5958.828125      23435.12305     -464640.9375      6.844568729      6.844568729        7.1336689     -56870.26172      334.1989746      2.481516838       -421793.25     -4.427120209
     168000      3.711760144e-08      25960.42773      44955.05469       5872.40918      23238.25391     -463826.1875       6.84882021       6.84882021      7.126736641     -56768.30078      334.2891235      2.488948345     -420573.0625      9.806490898
     169000      2.908257457e-08      26091.36523      45213.10547      5858.265137      22936.18555     -464641.4688       6.84837532       6.84837532       7.11449194     -56794.69531      333.6714172      2.474081993      -421329.625     -22.53896904
     170000      4.694434352e-08      26207.95508      45418.17969      5844.812988      22876.16406     -465004.5938      6.860579491      6.860579491      7.123576164     -56715.23828      335.2892761      2.507495403      -421363.875     -57.22835922
     171000       4.69494843e-08      26298.08789      44723.48047      5823.534668      23075.28906     -464832.9688      6.872785568      6.872785568      7.109775543     -56751.88281      335.8315125      2.486707211      -421662.875     -14.35262108
     172000      5.447395424e-08      26116.88281      44491.66406      5918.988281      23081.88672     -464098.4688      6.880340576      6.880340576      7.074470043     -56717.30859      334.8989258      2.477942228     -421206.6875       5.41777277
     173000      2.411059796e-08         26301.75      45045.30469      5785.975098      23250.30859        -465092.5      6.891673565      6.891673565      7.035711765     -56912.21094       334.162262      2.496940613        -421620.5      -14.7474432
     174000      3.479724953e-08      25996.80273      44481.42969      5883.715332      23120.97852     -463572.6562       6.90762949       6.90762949      7.021147251     -56697.89062       335.016449      2.475445271        -420787.5      4.954187393
     175000      4.190182779e-08      25453.16406      45068.80078      5841.924316      23126.86914     -464481.4688      6.919773102      6.919773102      6.997292042     -56784.57812      335.0531311      2.482137203      -421768.625    -0.8364345431
     176000      3.043236774e-08      25936.28711      45053.79688      5837.936035      23233.86719        -463730.5      6.923375607      6.923375607      6.995641232     -56820.30469      335.3229675      2.488837957        -420489.5     -4.639813423
     177000      5.214159771e-08      25621.08398      45256.34375      5872.171875      23168.91992        -463611.5      6.928311348      6.928311348       7.00367403     -56712.23828      336.1868591      2.469801188     -420397.9375     -6.456231117
     178000      3.913061875e-08      25426.73633      45232.38281      5899.116699      23195.45898      -463403.375      6.927783489      6.927783489      7.009645939     -56710.48828      336.4222412      2.454712152     -420361.8125      -38.2878685
     179000      2.733904481e-08      25331.87305      44838.66016      5830.641113      23358.55469     -464586.9375      6.916531086      6.916531086      6.991758823     -56780.31641      334.4745789       2.46374774      -422008.125      -4.68031168
     180000      4.292390443e-08       25917.5293      44866.01172      5856.702637      23192.33203      -463345.125      6.920431137      6.920431137      6.992214203     -56844.89453      334.8736877      2.477543354      -420348.625     -26.86043167
     181000      3.499528134e-08      25992.32422      44268.02344      5850.205078      23232.51758     -464316.8125      6.907856941      6.907856941      7.005850315     -56834.27734      334.3085632      2.477574825     -421794.4375      16.47011948
     182000      4.582674862e-08      25912.52344        44767.875      5825.129883      23254.25391      -464440.125      6.893991947      6.893991947       7.02131176     -56758.96875      333.7027588      2.475165129          -421441     -4.265069962
     183000      3.739302912e-08      25357.97656      45271.63281      5806.911133      23253.77148      -462970.875      6.892306328      6.892306328      7.046060085        -56805.25      334.7152405      2.471376181      -420091.875      13.45394993
     184000      2.880749861e-08      25697.07617      44372.22656      5889.510742      23000.71484     -463321.1875      6.885675907      6.885675907      7.060146332     -56704.77344      334.7394104      2.475130558      -421066.875      54.06958008
     185000      3.234090329e-08      25915.76562      44221.53516      5843.070312      23116.98242     -463362.9688      6.882918358      6.882918358      7.076396465     -56761.06641      335.2412109      2.497747898        -421015.5      20.18185425
     186000      3.473077115e-08      25604.23633      44459.57031      5889.451172      23162.38477        -463766.5        6.8802104        6.8802104      7.076750755     -56731.60156      334.9942322      2.463380575     -421378.8125      2.879270792
     187000      4.285365307e-08      25250.66602      44943.48047      5896.091797      23265.08594     -464350.3438      6.881092548      6.881092548      7.094582081     -56727.57812      335.9244385       2.47548914       -421717.75     -26.78736687
     188000      4.532055797e-08       25418.5625      44551.38672      5794.075195      23232.83789     -462859.1875      6.869538784      6.869538784       7.10632658     -56812.58984      335.3515625      2.480571032      -420675.875     0.7340011597
     189000      3.248917935e-08      26059.85156      44801.99609      5824.780273      22975.46484     -463089.4375      6.859995365      6.859995365      7.130563736     -56732.98438      335.5610352      2.496536493     -420148.8125     -1.710125685
     190000      3.971572227e-08      25629.76562      44734.99219      5797.084961      23271.64648          -463538       6.85262394       6.85262394      7.138814449     -56755.21875      335.2276917      2.481231451     -420861.4375     -20.20000648
     191000      2.996126724e-08      26192.25977      44620.62109      5858.606445      23232.13086     -464738.6562      6.847999573      6.847999573      7.131343365     -56836.04297      334.4250488      2.453279257       -421666.25      14.47762299
     192000      3.798589887e-08      25874.05469      44770.83594      5791.928711      23133.28516     -463122.1562      6.859396935      6.859396935      7.113945961     -56732.10938      334.7205811      2.468223333      -420273.875     -16.07053947
     193000       3.95655988e-08      25910.89844      45224.58203      5838.452637      23053.45703     -465182.6562      6.860522747      6.860522747      7.090602398     -56743.96484       333.731781      2.481422424      -421891.375     -10.31989861
     194000      1.947974937e-08      26031.01172      45037.19531      5935.660156      23246.65625     -464171.1875      6.879274368      6.879274368      7.094419479     -56744.21875      335.7392578      2.473619938      -420664.875     -1.533532858
     195000       4.15841015e-08      25855.41016      44513.21875      5935.896484      23345.35352     -464677.7188        6.8737607        6.8737607      7.107099533     -56801.17969      335.8003845      2.490657091          -421829      9.727295876
     196000       5.49013599e-08      25848.69336      44584.20703      5878.307617      23408.07617     -463976.9062      6.863742828      6.863742828      7.116044521     -56761.05859      335.2437439      2.488155365      -421025.875      6.019687176
     197000      3.297452267e-08      26098.86523      45191.21875      5942.009277      23206.50391     -464730.0625      6.856907845      6.856907845      7.133920193     -56791.13672      335.4168396      2.489150763          -421079     -14.91625786
     198000      2.358274998e-08          25715.5      44918.44922      5928.259766       23128.7832     -464022.9062      6.844765663      6.844765663      7.151771545     -56850.35938      335.0663452      2.472780228     -421178.6875      12.23801422
     199000      3.265157389e-08      25281.28516      44231.51562      5861.178711        23357.375     -463720.2812      6.842879772      6.842879772        7.1645751       -56812.875      335.4812622      2.467149973     -421800.8125      27.18829727
     200000      3.201785148e-08      26178.58008      44724.15625      5910.380371      23241.62695     -464242.4062      6.836513042      6.836513042      7.172973633     -56780.74609      335.2498169      2.493834496       -420951.25      12.33170891
